# JRE version: Java(TM) SE Runtime Environment (8.0_66-b17) (build 1.8.0_66-b17)
# Java VM: Java HotSpot(TM) 64-Bit Server VM (25.66-b17 mixed mode bsd-amd64 compressed oops)
Heap:
 PSYoungGen      total 35328K, used 9355K [0x0000000141f00000, 0x0000000147400000, 0x0000000157400000)
  eden space 32768K, 20% used [0x0000000141f00000,0x00000001425aa4e0,0x0000000143f00000)
  from space 2560K, 98% used [0x0000000143f00000,0x00000001441787a0,0x0000000144180000)
  to   space 10752K, 0% used [0x0000000146980000,0x0000000146980000,0x0000000147400000)
 ParOldGen       total 44032K, used 18684K [0x0000000117400000, 0x0000000119f00000, 0x0000000141f00000)
  object space 44032K, 42% used [0x0000000117400000,0x000000011863f130,0x0000000119f00000)
 Metaspace       used 20751K, capacity 21003K, committed 21120K, reserved 1069056K
  class space    used 2045K, capacity 2112K, committed 2176K, reserved 1048576K
GC Heap History (10 events):
Event: 1.955 GC heap before
{Heap before GC invocations=1 (full 0):
 PSYoungGen      total 18944K, used 16384K [0x0000000141f00000, 0x0000000143400000, 0x0000000157400000)
  eden space 16384K, 100% used [0x0000000141f00000,0x0000000142f00000,0x0000000142f00000)
  from space 2560K, 0% used [0x0000000143180000,0x0000000143180000,0x0000000143400000)
  to   space 2560K, 0% used [0x0000000142f00000,0x0000000142f00000,0x0000000143180000)
 ParOldGen       total 44032K, used 0K [0x0000000117400000, 0x0000000119f00000, 0x0000000141f00000)
  object space 44032K, 0% used [0x0000000117400000,0x0000000117400000,0x0000000119f00000)
 Metaspace       used 11538K, capacity 11740K, committed 11904K, reserved 1060864K
  class space    used 1287K, capacity 1378K, committed 1408K, reserved 1048576K
Event: 1.960 GC heap after
Heap after GC invocations=1 (full 0):
 PSYoungGen      total 18944K, used 2552K [0x0000000141f00000, 0x0000000143400000, 0x0000000157400000)
  eden space 16384K, 0% used [0x0000000141f00000,0x0000000141f00000,0x0000000142f00000)
  from space 2560K, 99% used [0x0000000142f00000,0x000000014317e398,0x0000000143180000)
  to   space 2560K, 0% used [0x0000000143180000,0x0000000143180000,0x0000000143400000)
 ParOldGen       total 44032K, used 703K [0x0000000117400000, 0x0000000119f00000, 0x0000000141f00000)
  object space 44032K, 1% used [0x0000000117400000,0x00000001174afdc0,0x0000000119f00000)
 Metaspace       used 11538K, capacity 11740K, committed 11904K, reserved 1060864K
  class space    used 1287K, capacity 1378K, committed 1408K, reserved 1048576K
}
Event: 2.478 GC heap before
{Heap before GC invocations=2 (full 0):
 PSYoungGen      total 18944K, used 18936K [0x0000000141f00000, 0x0000000143400000, 0x0000000157400000)
  eden space 16384K, 100% used [0x0000000141f00000,0x0000000142f00000,0x0000000142f00000)
  from space 2560K, 99% used [0x0000000142f00000,0x000000014317e398,0x0000000143180000)
  to   space 2560K, 0% used [0x0000000143180000,0x0000000143180000,0x0000000143400000)
 ParOldGen       total 44032K, used 703K [0x0000000117400000, 0x0000000119f00000, 0x0000000141f00000)
  object space 44032K, 1% used [0x0000000117400000,0x00000001174afdc0,0x0000000119f00000)
 Metaspace       used 16101K, capacity 16303K, committed 16640K, reserved 1064960K
  class space    used 1632K, capacity 1724K, committed 1792K, reserved 1048576K
Event: 2.485 GC heap after
Heap after GC invocations=2 (full 0):
 PSYoungGen      total 18944K, used 2528K [0x0000000141f00000, 0x0000000143400000, 0x0000000157400000)
  eden space 16384K, 0% used [0x0000000141f00000,0x0000000141f00000,0x0000000142f00000)
  from space 2560K, 98% used [0x0000000143180000,0x00000001433f8020,0x0000000143400000)
  to   space 2560K, 0% used [0x0000000142f00000,0x0000000142f00000,0x0000000143180000)
 ParOldGen       total 44032K, used 2726K [0x0000000117400000, 0x0000000119f00000, 0x0000000141f00000)
  object space 44032K, 6% used [0x0000000117400000,0x00000001176a9a78,0x0000000119f00000)
 Metaspace       used 16101K, capacity 16303K, committed 16640K, reserved 1064960K
  class space    used 1632K, capacity 1724K, committed 1792K, reserved 1048576K
}
Event: 3.044 GC heap before
{Heap before GC invocations=3 (full 0):
 PSYoungGen      total 18944K, used 18912K [0x0000000141f00000, 0x0000000143400000, 0x0000000157400000)
  eden space 16384K, 100% used [0x0000000141f00000,0x0000000142f00000,0x0000000142f00000)
  from space 2560K, 98% used [0x0000000143180000,0x00000001433f8020,0x0000000143400000)
  to   space 2560K, 0% used [0x0000000142f00000,0x0000000142f00000,0x0000000143180000)
 ParOldGen       total 44032K, used 2726K [0x0000000117400000, 0x0000000119f00000, 0x0000000141f00000)
  object space 44032K, 6% used [0x0000000117400000,0x00000001176a9a78,0x0000000119f00000)
 Metaspace       used 17324K, capacity 17519K, committed 17792K, reserved 1064960K
  class space    used 1763K, capacity 1852K, committed 1920K, reserved 1048576K
Event: 3.055 GC heap after
Heap after GC invocations=3 (full 0):
 PSYoungGen      total 18944K, used 2528K [0x0000000141f00000, 0x0000000144400000, 0x0000000157400000)
  eden space 16384K, 0% used [0x0000000141f00000,0x0000000141f00000,0x0000000142f00000)
  from space 2560K, 98% used [0x0000000142f00000,0x0000000143178080,0x0000000143180000)
  to   space 2560K, 0% used [0x0000000144180000,0x0000000144180000,0x0000000144400000)
 ParOldGen       total 44032K, used 6985K [0x0000000117400000, 0x0000000119f00000, 0x0000000141f00000)
  object space 44032K, 15% used [0x0000000117400000,0x0000000117ad2548,0x0000000119f00000)
 Metaspace       used 17324K, capacity 17519K, committed 17792K, reserved 1064960K
  class space    used 1763K, capacity 1852K, committed 1920K, reserved 1048576K
}
Event: 3.809 GC heap before
{Heap before GC invocations=4 (full 0):
 PSYoungGen      total 18944K, used 18912K [0x0000000141f00000, 0x0000000144400000, 0x0000000157400000)
  eden space 16384K, 100% used [0x0000000141f00000,0x0000000142f00000,0x0000000142f00000)
  from space 2560K, 98% used [0x0000000142f00000,0x0000000143178080,0x0000000143180000)
  to   space 2560K, 0% used [0x0000000144180000,0x0000000144180000,0x0000000144400000)
 ParOldGen       total 44032K, used 6985K [0x0000000117400000, 0x0000000119f00000, 0x0000000141f00000)
  object space 44032K, 15% used [0x0000000117400000,0x0000000117ad2548,0x0000000119f00000)
 Metaspace       used 19910K, capacity 20069K, committed 20352K, reserved 1067008K
  class space    used 2005K, capacity 2079K, committed 2176K, reserved 1048576K
Event: 3.822 GC heap after
Heap after GC invocations=4 (full 0):
 PSYoungGen      total 35328K, used 2545K [0x0000000141f00000, 0x0000000144400000, 0x0000000157400000)
  eden space 32768K, 0% used [0x0000000141f00000,0x0000000141f00000,0x0000000143f00000)
  from space 2560K, 99% used [0x0000000144180000,0x00000001443fc790,0x0000000144400000)
  to   space 2560K, 0% used [0x0000000143f00000,0x0000000143f00000,0x0000000144180000)
 ParOldGen       total 44032K, used 14311K [0x0000000117400000, 0x0000000119f00000, 0x0000000141f00000)
  object space 44032K, 32% used [0x0000000117400000,0x00000001181f9e80,0x0000000119f00000)
 Metaspace       used 19910K, capacity 20069K, committed 20352K, reserved 1067008K
  class space    used 2005K, capacity 2079K, committed 2176K, reserved 1048576K
}
Event: 7.388 GC heap before
{Heap before GC invocations=5 (full 0):
 PSYoungGen      total 35328K, used 35313K [0x0000000141f00000, 0x0000000144400000, 0x0000000157400000)
  eden space 32768K, 100% used [0x0000000141f00000,0x0000000143f00000,0x0000000143f00000)
  from space 2560K, 99% used [0x0000000144180000,0x00000001443fc790,0x0000000144400000)
  to   space 2560K, 0% used [0x0000000143f00000,0x0000000143f00000,0x0000000144180000)
 ParOldGen       total 44032K, used 14311K [0x0000000117400000, 0x0000000119f00000, 0x0000000141f00000)
  object space 44032K, 32% used [0x0000000117400000,0x00000001181f9e80,0x0000000119f00000)
 Metaspace       used 20598K, capacity 20811K, committed 21120K, reserved 1069056K
  class space    used 2037K, capacity 2112K, committed 2176K, reserved 1048576K
Event: 7.406 GC heap after
Heap after GC invocations=5 (full 0):
 PSYoungGen      total 35328K, used 2529K [0x0000000141f00000, 0x0000000147400000, 0x0000000157400000)
  eden space 32768K, 0% used [0x0000000141f00000,0x0000000141f00000,0x0000000143f00000)
  from space 2560K, 98% used [0x0000000143f00000,0x00000001441787a0,0x0000000144180000)
  to   space 10752K, 0% used [0x0000000146980000,0x0000000146980000,0x0000000147400000)
 ParOldGen       total 44032K, used 18684K [0x0000000117400000, 0x0000000119f00000, 0x0000000141f00000)
  object space 44032K, 42% used [0x0000000117400000,0x000000011863f130,0x0000000119f00000)
 Metaspace       used 20598K, capacity 20811K, committed 21120K, reserved 1069056K
  class space    used 2037K, capacity 2112K, committed 2176K, reserved 1048576K
}

