# JRE version: Java(TM) SE Runtime Environment (8.0_66-b17) (build 1.8.0_66-b17)
# Java VM: Java HotSpot(TM) 64-Bit Server VM (25.66-b17 mixed mode bsd-amd64 compressed oops)
Heap:
 PSYoungGen      total 140800K, used 59487K [0x00000007aab00000, 0x00000007b4800000, 0x00000007c0000000)
  eden space 126976K, 46% used [0x00000007aab00000,0x00000007ae44e010,0x00000007b2700000)
  from space 13824K, 5% used [0x00000007b3680000,0x00000007b3749e30,0x00000007b4400000)
  to   space 15872K, 0% used [0x00000007b2700000,0x00000007b2700000,0x00000007b3680000)
 ParOldGen       total 75776K, used 43914K [0x0000000780000000, 0x0000000784a00000, 0x00000007aab00000)
  object space 75776K, 57% used [0x0000000780000000,0x0000000782ae2b10,0x0000000784a00000)
 Metaspace       used 21091K, capacity 21259K, committed 21552K, reserved 1069056K
  class space    used 2045K, capacity 2112K, committed 2176K, reserved 1048576K
GC Heap History (10 events):
Event: 8.098 GC heap before
{Heap before GC invocations=5 (full 0):
 PSYoungGen      total 35328K, used 35297K [0x00000007aab00000, 0x00000007ad000000, 0x00000007c0000000)
  eden space 32768K, 100% used [0x00000007aab00000,0x00000007acb00000,0x00000007acb00000)
  from space 2560K, 98% used [0x00000007acd80000,0x00000007acff8780,0x00000007ad000000)
  to   space 2560K, 0% used [0x00000007acb00000,0x00000007acb00000,0x00000007acd80000)
 ParOldGen       total 44032K, used 15127K [0x0000000780000000, 0x0000000782b00000, 0x00000007aab00000)
  object space 44032K, 34% used [0x0000000780000000,0x0000000780ec5c48,0x0000000782b00000)
 Metaspace       used 20658K, capacity 20875K, committed 21120K, reserved 1069056K
  class space    used 2035K, capacity 2112K, committed 2176K, reserved 1048576K
Event: 8.108 GC heap after
Heap after GC invocations=5 (full 0):
 PSYoungGen      total 35328K, used 2545K [0x00000007aab00000, 0x00000007b0000000, 0x00000007c0000000)
  eden space 32768K, 0% used [0x00000007aab00000,0x00000007aab00000,0x00000007acb00000)
  from space 2560K, 99% used [0x00000007acb00000,0x00000007acd7c780,0x00000007acd80000)
  to   space 10752K, 0% used [0x00000007af580000,0x00000007af580000,0x00000007b0000000)
 ParOldGen       total 44032K, used 18591K [0x0000000780000000, 0x0000000782b00000, 0x00000007aab00000)
  object space 44032K, 42% used [0x0000000780000000,0x0000000781227d08,0x0000000782b00000)
 Metaspace       used 20658K, capacity 20875K, committed 21120K, reserved 1069056K
  class space    used 2035K, capacity 2112K, committed 2176K, reserved 1048576K
}
Event: 10.133 GC heap before
{Heap before GC invocations=6 (full 0):
 PSYoungGen      total 35328K, used 35313K [0x00000007aab00000, 0x00000007b0000000, 0x00000007c0000000)
  eden space 32768K, 100% used [0x00000007aab00000,0x00000007acb00000,0x00000007acb00000)
  from space 2560K, 99% used [0x00000007acb00000,0x00000007acd7c780,0x00000007acd80000)
  to   space 10752K, 0% used [0x00000007af580000,0x00000007af580000,0x00000007b0000000)
 ParOldGen       total 44032K, used 18591K [0x0000000780000000, 0x0000000782b00000, 0x00000007aab00000)
  object space 44032K, 42% used [0x0000000780000000,0x0000000781227d08,0x0000000782b00000)
 Metaspace       used 20729K, capacity 20939K, committed 21120K, reserved 1069056K
  class space    used 2037K, capacity 2112K, committed 2176K, reserved 1048576K
Event: 10.145 GC heap after
Heap after GC invocations=6 (full 0):
 PSYoungGen      total 75264K, used 9522K [0x00000007aab00000, 0x00000007b0200000, 0x00000007c0000000)
  eden space 64512K, 0% used [0x00000007aab00000,0x00000007aab00000,0x00000007aea00000)
  from space 10752K, 88% used [0x00000007af580000,0x00000007afecc970,0x00000007b0000000)
  to   space 11776K, 0% used [0x00000007aea00000,0x00000007aea00000,0x00000007af580000)
 ParOldGen       total 44032K, used 18591K [0x0000000780000000, 0x0000000782b00000, 0x00000007aab00000)
  object space 44032K, 42% used [0x0000000780000000,0x0000000781227d08,0x0000000782b00000)
 Metaspace       used 20729K, capacity 20939K, committed 21120K, reserved 1069056K
  class space    used 2037K, capacity 2112K, committed 2176K, reserved 1048576K
}
Event: 10.975 GC heap before
{Heap before GC invocations=7 (full 0):
 PSYoungGen      total 75264K, used 74034K [0x00000007aab00000, 0x00000007b0200000, 0x00000007c0000000)
  eden space 64512K, 100% used [0x00000007aab00000,0x00000007aea00000,0x00000007aea00000)
  from space 10752K, 88% used [0x00000007af580000,0x00000007afecc970,0x00000007b0000000)
  to   space 11776K, 0% used [0x00000007aea00000,0x00000007aea00000,0x00000007af580000)
 ParOldGen       total 44032K, used 18591K [0x0000000780000000, 0x0000000782b00000, 0x00000007aab00000)
  object space 44032K, 42% used [0x0000000780000000,0x0000000781227d08,0x0000000782b00000)
 Metaspace       used 20888K, capacity 21067K, committed 21296K, reserved 1069056K
  class space    used 2037K, capacity 2112K, committed 2176K, reserved 1048576K
Event: 11.002 GC heap after
Heap after GC invocations=7 (full 0):
 PSYoungGen      total 76288K, used 11680K [0x00000007aab00000, 0x00000007b4400000, 0x00000007c0000000)
  eden space 64512K, 0% used [0x00000007aab00000,0x00000007aab00000,0x00000007aea00000)
  from space 11776K, 99% used [0x00000007aea00000,0x00000007af5682d0,0x00000007af580000)
  to   space 13824K, 0% used [0x00000007b3680000,0x00000007b3680000,0x00000007b4400000)
 ParOldGen       total 44032K, used 31136K [0x0000000780000000, 0x0000000782b00000, 0x00000007aab00000)
  object space 44032K, 70% used [0x0000000780000000,0x0000000781e68028,0x0000000782b00000)
 Metaspace       used 20888K, capacity 21067K, committed 21296K, reserved 1069056K
  class space    used 2037K, capacity 2112K, committed 2176K, reserved 1048576K
}
Event: 11.565 GC heap before
{Heap before GC invocations=8 (full 0):
 PSYoungGen      total 76288K, used 50476K [0x00000007aab00000, 0x00000007b4400000, 0x00000007c0000000)
  eden space 64512K, 60% used [0x00000007aab00000,0x00000007ad0e2e30,0x00000007aea00000)
  from space 11776K, 99% used [0x00000007aea00000,0x00000007af5682d0,0x00000007af580000)
  to   space 13824K, 0% used [0x00000007b3680000,0x00000007b3680000,0x00000007b4400000)
 ParOldGen       total 44032K, used 31136K [0x0000000780000000, 0x0000000782b00000, 0x00000007aab00000)
  object space 44032K, 70% used [0x0000000780000000,0x0000000781e68028,0x0000000782b00000)
 Metaspace       used 20961K, capacity 21131K, committed 21296K, reserved 1069056K
  class space    used 2037K, capacity 2112K, committed 2176K, reserved 1048576K
Event: 11.593 GC heap after
Heap after GC invocations=8 (full 0):
 PSYoungGen      total 140800K, used 13792K [0x00000007aab00000, 0x00000007b4800000, 0x00000007c0000000)
  eden space 126976K, 0% used [0x00000007aab00000,0x00000007aab00000,0x00000007b2700000)
  from space 13824K, 99% used [0x00000007b3680000,0x00000007b43f8380,0x00000007b4400000)
  to   space 15872K, 0% used [0x00000007b2700000,0x00000007b2700000,0x00000007b3680000)
 ParOldGen       total 44032K, used 37162K [0x0000000780000000, 0x0000000782b00000, 0x00000007aab00000)
  object space 44032K, 84% used [0x0000000780000000,0x000000078244a8d8,0x0000000782b00000)
 Metaspace       used 20961K, capacity 21131K, committed 21296K, reserved 1069056K
  class space    used 2037K, capacity 2112K, committed 2176K, reserved 1048576K
}
Event: 11.593 GC heap before
{Heap before GC invocations=9 (full 1):
 PSYoungGen      total 140800K, used 13792K [0x00000007aab00000, 0x00000007b4800000, 0x00000007c0000000)
  eden space 126976K, 0% used [0x00000007aab00000,0x00000007aab00000,0x00000007b2700000)
  from space 13824K, 99% used [0x00000007b3680000,0x00000007b43f8380,0x00000007b4400000)
  to   space 15872K, 0% used [0x00000007b2700000,0x00000007b2700000,0x00000007b3680000)
 ParOldGen       total 44032K, used 37162K [0x0000000780000000, 0x0000000782b00000, 0x00000007aab00000)
  object space 44032K, 84% used [0x0000000780000000,0x000000078244a8d8,0x0000000782b00000)
 Metaspace       used 20961K, capacity 21131K, committed 21296K, reserved 1069056K
  class space    used 2037K, capacity 2112K, committed 2176K, reserved 1048576K
Event: 11.681 GC heap after
Heap after GC invocations=9 (full 1):
 PSYoungGen      total 140800K, used 807K [0x00000007aab00000, 0x00000007b4800000, 0x00000007c0000000)
  eden space 126976K, 0% used [0x00000007aab00000,0x00000007aab00000,0x00000007b2700000)
  from space 13824K, 5% used [0x00000007b3680000,0x00000007b3749e30,0x00000007b4400000)
  to   space 15872K, 0% used [0x00000007b2700000,0x00000007b2700000,0x00000007b3680000)
 ParOldGen       total 75776K, used 43914K [0x0000000780000000, 0x0000000784a00000, 0x00000007aab00000)
  object space 75776K, 57% used [0x0000000780000000,0x0000000782ae2b10,0x0000000784a00000)
 Metaspace       used 20961K, capacity 21131K, committed 21296K, reserved 1069056K
  class space    used 2037K, capacity 2112K, committed 2176K, reserved 1048576K
}

