# JRE version: Java(TM) SE Runtime Environment (8.0_66-b17) (build 1.8.0_66-b17)
# Java VM: Java HotSpot(TM) 64-Bit Server VM (25.66-b17 mixed mode bsd-amd64 compressed oops)
Heap:
 PSYoungGen      total 34304K, used 3933K [0x00000007aab00000, 0x00000007ad700000, 0x00000007c0000000)
  eden space 25600K, 14% used [0x00000007aab00000,0x00000007aaeb75b0,0x00000007ac400000)
  from space 8704K, 1% used [0x00000007ace80000,0x00000007acea0000,0x00000007ad700000)
  to   space 9728K, 0% used [0x00000007ac400000,0x00000007ac400000,0x00000007acd80000)
 ParOldGen       total 46080K, used 15163K [0x0000000780000000, 0x0000000782d00000, 0x00000007aab00000)
  object space 46080K, 32% used [0x0000000780000000,0x0000000780eced10,0x0000000782d00000)
 Metaspace       used 21047K, capacity 21199K, committed 21552K, reserved 1069056K
  class space    used 2060K, capacity 2112K, committed 2176K, reserved 1048576K
GC Heap History (10 events):
Event: 51.468 GC heap before
{Heap before GC invocations=13 (full 1):
 PSYoungGen      total 28672K, used 28256K [0x00000007aab00000, 0x00000007adc80000, 0x00000007c0000000)
  eden space 28160K, 100% used [0x00000007aab00000,0x00000007ac680000,0x00000007ac680000)
  from space 512K, 18% used [0x00000007ac700000,0x00000007ac718000,0x00000007ac780000)
  to   space 11264K, 0% used [0x00000007ad180000,0x00000007ad180000,0x00000007adc80000)
 ParOldGen       total 46080K, used 15163K [0x0000000780000000, 0x0000000782d00000, 0x00000007aab00000)
  object space 46080K, 32% used [0x0000000780000000,0x0000000780eced10,0x0000000782d00000)
 Metaspace       used 21004K, capacity 21193K, committed 21552K, reserved 1069056K
  class space    used 2051K, capacity 2111K, committed 2176K, reserved 1048576K
Event: 51.470 GC heap after
Heap after GC invocations=13 (full 1):
 PSYoungGen      total 38400K, used 96K [0x00000007aab00000, 0x00000007adc00000, 0x00000007c0000000)
  eden space 27648K, 0% used [0x00000007aab00000,0x00000007aab00000,0x00000007ac600000)
  from space 10752K, 0% used [0x00000007ad180000,0x00000007ad198000,0x00000007adc00000)
  to   space 11264K, 0% used [0x00000007ac600000,0x00000007ac600000,0x00000007ad100000)
 ParOldGen       total 46080K, used 15163K [0x0000000780000000, 0x0000000782d00000, 0x00000007aab00000)
  object space 46080K, 32% used [0x0000000780000000,0x0000000780eced10,0x0000000782d00000)
 Metaspace       used 21004K, capacity 21193K, committed 21552K, reserved 1069056K
  class space    used 2051K, capacity 2111K, committed 2176K, reserved 1048576K
}
Event: 57.519 GC heap before
{Heap before GC invocations=14 (full 1):
 PSYoungGen      total 38400K, used 27744K [0x00000007aab00000, 0x00000007adc00000, 0x00000007c0000000)
  eden space 27648K, 100% used [0x00000007aab00000,0x00000007ac600000,0x00000007ac600000)
  from space 10752K, 0% used [0x00000007ad180000,0x00000007ad198000,0x00000007adc00000)
  to   space 11264K, 0% used [0x00000007ac600000,0x00000007ac600000,0x00000007ad100000)
 ParOldGen       total 46080K, used 15163K [0x0000000780000000, 0x0000000782d00000, 0x00000007aab00000)
  object space 46080K, 32% used [0x0000000780000000,0x0000000780eced10,0x0000000782d00000)
 Metaspace       used 21004K, capacity 21193K, committed 21552K, reserved 1069056K
  class space    used 2051K, capacity 2111K, committed 2176K, reserved 1048576K
Event: 57.520 GC heap after
Heap after GC invocations=14 (full 1):
 PSYoungGen      total 27648K, used 128K [0x00000007aab00000, 0x00000007ada80000, 0x00000007c0000000)
  eden space 27136K, 0% used [0x00000007aab00000,0x00000007aab00000,0x00000007ac580000)
  from space 512K, 25% used [0x00000007ac600000,0x00000007ac620000,0x00000007ac680000)
  to   space 10752K, 0% used [0x00000007ad000000,0x00000007ad000000,0x00000007ada80000)
 ParOldGen       total 46080K, used 15163K [0x0000000780000000, 0x0000000782d00000, 0x00000007aab00000)
  object space 46080K, 32% used [0x0000000780000000,0x0000000780eced10,0x0000000782d00000)
 Metaspace       used 21004K, capacity 21193K, committed 21552K, reserved 1069056K
  class space    used 2051K, capacity 2111K, committed 2176K, reserved 1048576K
}
Event: 63.452 GC heap before
{Heap before GC invocations=15 (full 1):
 PSYoungGen      total 27648K, used 27264K [0x00000007aab00000, 0x00000007ada80000, 0x00000007c0000000)
  eden space 27136K, 100% used [0x00000007aab00000,0x00000007ac580000,0x00000007ac580000)
  from space 512K, 25% used [0x00000007ac600000,0x00000007ac620000,0x00000007ac680000)
  to   space 10752K, 0% used [0x00000007ad000000,0x00000007ad000000,0x00000007ada80000)
 ParOldGen       total 46080K, used 15163K [0x0000000780000000, 0x0000000782d00000, 0x00000007aab00000)
  object space 46080K, 32% used [0x0000000780000000,0x0000000780eced10,0x0000000782d00000)
 Metaspace       used 21004K, capacity 21193K, committed 21552K, reserved 1069056K
  class space    used 2051K, capacity 2111K, committed 2176K, reserved 1048576K
Event: 63.454 GC heap after
Heap after GC invocations=15 (full 1):
 PSYoungGen      total 35840K, used 128K [0x00000007aab00000, 0x00000007ad900000, 0x00000007c0000000)
  eden space 26624K, 0% used [0x00000007aab00000,0x00000007aab00000,0x00000007ac500000)
  from space 9216K, 1% used [0x00000007ad000000,0x00000007ad020000,0x00000007ad900000)
  to   space 10240K, 0% used [0x00000007ac500000,0x00000007ac500000,0x00000007acf00000)
 ParOldGen       total 46080K, used 15163K [0x0000000780000000, 0x0000000782d00000, 0x00000007aab00000)
  object space 46080K, 32% used [0x0000000780000000,0x0000000780eced10,0x0000000782d00000)
 Metaspace       used 21004K, capacity 21193K, committed 21552K, reserved 1069056K
  class space    used 2051K, capacity 2111K, committed 2176K, reserved 1048576K
}
Event: 69.269 GC heap before
{Heap before GC invocations=16 (full 1):
 PSYoungGen      total 35840K, used 26752K [0x00000007aab00000, 0x00000007ad900000, 0x00000007c0000000)
  eden space 26624K, 100% used [0x00000007aab00000,0x00000007ac500000,0x00000007ac500000)
  from space 9216K, 1% used [0x00000007ad000000,0x00000007ad020000,0x00000007ad900000)
  to   space 10240K, 0% used [0x00000007ac500000,0x00000007ac500000,0x00000007acf00000)
 ParOldGen       total 46080K, used 15163K [0x0000000780000000, 0x0000000782d00000, 0x00000007aab00000)
  object space 46080K, 32% used [0x0000000780000000,0x0000000780eced10,0x0000000782d00000)
 Metaspace       used 21004K, capacity 21193K, committed 21552K, reserved 1069056K
  class space    used 2051K, capacity 2111K, committed 2176K, reserved 1048576K
Event: 69.270 GC heap after
Heap after GC invocations=16 (full 1):
 PSYoungGen      total 26624K, used 96K [0x00000007aab00000, 0x00000007ad880000, 0x00000007c0000000)
  eden space 26112K, 0% used [0x00000007aab00000,0x00000007aab00000,0x00000007ac480000)
  from space 512K, 18% used [0x00000007ac500000,0x00000007ac518000,0x00000007ac580000)
  to   space 10240K, 0% used [0x00000007ace80000,0x00000007ace80000,0x00000007ad880000)
 ParOldGen       total 46080K, used 15163K [0x0000000780000000, 0x0000000782d00000, 0x00000007aab00000)
  object space 46080K, 32% used [0x0000000780000000,0x0000000780eced10,0x0000000782d00000)
 Metaspace       used 21004K, capacity 21193K, committed 21552K, reserved 1069056K
  class space    used 2051K, capacity 2111K, committed 2176K, reserved 1048576K
}
Event: 74.970 GC heap before
{Heap before GC invocations=17 (full 1):
 PSYoungGen      total 26624K, used 26208K [0x00000007aab00000, 0x00000007ad880000, 0x00000007c0000000)
  eden space 26112K, 100% used [0x00000007aab00000,0x00000007ac480000,0x00000007ac480000)
  from space 512K, 18% used [0x00000007ac500000,0x00000007ac518000,0x00000007ac580000)
  to   space 10240K, 0% used [0x00000007ace80000,0x00000007ace80000,0x00000007ad880000)
 ParOldGen       total 46080K, used 15163K [0x0000000780000000, 0x0000000782d00000, 0x00000007aab00000)
  object space 46080K, 32% used [0x0000000780000000,0x0000000780eced10,0x0000000782d00000)
 Metaspace       used 21009K, capacity 21199K, committed 21552K, reserved 1069056K
  class space    used 2052K, capacity 2112K, committed 2176K, reserved 1048576K
Event: 74.972 GC heap after
Heap after GC invocations=17 (full 1):
 PSYoungGen      total 34304K, used 128K [0x00000007aab00000, 0x00000007ad700000, 0x00000007c0000000)
  eden space 25600K, 0% used [0x00000007aab00000,0x00000007aab00000,0x00000007ac400000)
  from space 8704K, 1% used [0x00000007ace80000,0x00000007acea0000,0x00000007ad700000)
  to   space 9728K, 0% used [0x00000007ac400000,0x00000007ac400000,0x00000007acd80000)
 ParOldGen       total 46080K, used 15163K [0x0000000780000000, 0x0000000782d00000, 0x00000007aab00000)
  object space 46080K, 32% used [0x0000000780000000,0x0000000780eced10,0x0000000782d00000)
 Metaspace       used 21009K, capacity 21199K, committed 21552K, reserved 1069056K
  class space    used 2052K, capacity 2112K, committed 2176K, reserved 1048576K
}

