# JRE version: Java(TM) SE Runtime Environment (8.0_66-b17) (build 1.8.0_66-b17)
# Java VM: Java HotSpot(TM) 64-Bit Server VM (25.66-b17 mixed mode bsd-amd64 compressed oops)
Heap:
 PSYoungGen      total 65024K, used 5825K [0x00000007aab00000, 0x00000007afd80000, 0x00000007c0000000)
  eden space 62976K, 9% used [0x00000007aab00000,0x00000007ab0b06b8,0x00000007ae880000)
  from space 2048K, 0% used [0x00000007aeb00000,0x00000007aeb00000,0x00000007aed00000)
  to   space 10752K, 0% used [0x00000007af300000,0x00000007af300000,0x00000007afd80000)
 ParOldGen       total 43008K, used 15139K [0x0000000780000000, 0x0000000782a00000, 0x00000007aab00000)
  object space 43008K, 35% used [0x0000000780000000,0x0000000780ec8da0,0x0000000782a00000)
 Metaspace       used 21024K, capacity 21199K, committed 21552K, reserved 1069056K
  class space    used 2058K, capacity 2112K, committed 2176K, reserved 1048576K
GC Heap History (10 events):
Event: 5.871 GC heap before
{Heap before GC invocations=4 (full 0):
 PSYoungGen      total 18944K, used 18929K [0x00000007aab00000, 0x00000007ad000000, 0x00000007c0000000)
  eden space 16384K, 100% used [0x00000007aab00000,0x00000007abb00000,0x00000007abb00000)
  from space 2560K, 99% used [0x00000007abb00000,0x00000007abd7c790,0x00000007abd80000)
  to   space 2560K, 0% used [0x00000007acd80000,0x00000007acd80000,0x00000007ad000000)
 ParOldGen       total 44032K, used 6957K [0x0000000780000000, 0x0000000782b00000, 0x00000007aab00000)
  object space 44032K, 15% used [0x0000000780000000,0x00000007806cb6d8,0x0000000782b00000)
 Metaspace       used 20007K, capacity 20201K, committed 20352K, reserved 1067008K
  class space    used 2017K, capacity 2079K, committed 2176K, reserved 1048576K
Event: 5.891 GC heap after
Heap after GC invocations=4 (full 0):
 PSYoungGen      total 35328K, used 2544K [0x00000007aab00000, 0x00000007ad000000, 0x00000007c0000000)
  eden space 32768K, 0% used [0x00000007aab00000,0x00000007aab00000,0x00000007acb00000)
  from space 2560K, 99% used [0x00000007acd80000,0x00000007acffc060,0x00000007ad000000)
  to   space 2560K, 0% used [0x00000007acb00000,0x00000007acb00000,0x00000007acd80000)
 ParOldGen       total 44032K, used 14388K [0x0000000780000000, 0x0000000782b00000, 0x00000007aab00000)
  object space 44032K, 32% used [0x0000000780000000,0x0000000780e0d2b0,0x0000000782b00000)
 Metaspace       used 20007K, capacity 20201K, committed 20352K, reserved 1067008K
  class space    used 2017K, capacity 2079K, committed 2176K, reserved 1048576K
}
Event: 9.629 GC heap before
{Heap before GC invocations=5 (full 0):
 PSYoungGen      total 35328K, used 35312K [0x00000007aab00000, 0x00000007ad000000, 0x00000007c0000000)
  eden space 32768K, 100% used [0x00000007aab00000,0x00000007acb00000,0x00000007acb00000)
  from space 2560K, 99% used [0x00000007acd80000,0x00000007acffc060,0x00000007ad000000)
  to   space 2560K, 0% used [0x00000007acb00000,0x00000007acb00000,0x00000007acd80000)
 ParOldGen       total 44032K, used 14388K [0x0000000780000000, 0x0000000782b00000, 0x00000007aab00000)
  object space 44032K, 32% used [0x0000000780000000,0x0000000780e0d2b0,0x0000000782b00000)
 Metaspace       used 20609K, capacity 20815K, committed 21120K, reserved 1069056K
  class space    used 2037K, capacity 2112K, committed 2176K, reserved 1048576K
Event: 9.647 GC heap after
Heap after GC invocations=5 (full 0):
 PSYoungGen      total 35328K, used 2544K [0x00000007aab00000, 0x00000007aff00000, 0x00000007c0000000)
  eden space 32768K, 0% used [0x00000007aab00000,0x00000007aab00000,0x00000007acb00000)
  from space 2560K, 99% used [0x00000007acb00000,0x00000007acd7c060,0x00000007acd80000)
  to   space 10240K, 0% used [0x00000007af500000,0x00000007af500000,0x00000007aff00000)
 ParOldGen       total 44032K, used 17812K [0x0000000780000000, 0x0000000782b00000, 0x00000007aab00000)
  object space 44032K, 40% used [0x0000000780000000,0x0000000781165390,0x0000000782b00000)
 Metaspace       used 20609K, capacity 20815K, committed 21120K, reserved 1069056K
  class space    used 2037K, capacity 2112K, committed 2176K, reserved 1048576K
}
Event: 18.111 GC heap before
{Heap before GC invocations=6 (full 0):
 PSYoungGen      total 35328K, used 35312K [0x00000007aab00000, 0x00000007aff00000, 0x00000007c0000000)
  eden space 32768K, 100% used [0x00000007aab00000,0x00000007acb00000,0x00000007acb00000)
  from space 2560K, 99% used [0x00000007acb00000,0x00000007acd7c060,0x00000007acd80000)
  to   space 10240K, 0% used [0x00000007af500000,0x00000007af500000,0x00000007aff00000)
 ParOldGen       total 44032K, used 17812K [0x0000000780000000, 0x0000000782b00000, 0x00000007aab00000)
  object space 44032K, 40% used [0x0000000780000000,0x0000000781165390,0x0000000782b00000)
 Metaspace       used 20930K, capacity 21135K, committed 21296K, reserved 1069056K
  class space    used 2050K, capacity 2112K, committed 2176K, reserved 1048576K
Event: 18.126 GC heap after
Heap after GC invocations=6 (full 0):
 PSYoungGen      total 75776K, used 2656K [0x00000007aab00000, 0x00000007aff00000, 0x00000007c0000000)
  eden space 65536K, 0% used [0x00000007aab00000,0x00000007aab00000,0x00000007aeb00000)
  from space 10240K, 25% used [0x00000007af500000,0x00000007af798050,0x00000007aff00000)
  to   space 10240K, 0% used [0x00000007aeb00000,0x00000007aeb00000,0x00000007af500000)
 ParOldGen       total 44032K, used 17812K [0x0000000780000000, 0x0000000782b00000, 0x00000007aab00000)
  object space 44032K, 40% used [0x0000000780000000,0x0000000781165390,0x0000000782b00000)
 Metaspace       used 20930K, capacity 21135K, committed 21296K, reserved 1069056K
  class space    used 2050K, capacity 2112K, committed 2176K, reserved 1048576K
}
Event: 22.451 GC heap before
{Heap before GC invocations=7 (full 0):
 PSYoungGen      total 75776K, used 20376K [0x00000007aab00000, 0x00000007aff00000, 0x00000007c0000000)
  eden space 65536K, 27% used [0x00000007aab00000,0x00000007abc4e200,0x00000007aeb00000)
  from space 10240K, 25% used [0x00000007af500000,0x00000007af798050,0x00000007aff00000)
  to   space 10240K, 0% used [0x00000007aeb00000,0x00000007aeb00000,0x00000007af500000)
 ParOldGen       total 44032K, used 17812K [0x0000000780000000, 0x0000000782b00000, 0x00000007aab00000)
  object space 44032K, 40% used [0x0000000780000000,0x0000000781165390,0x0000000782b00000)
 Metaspace       used 20978K, capacity 21135K, committed 21296K, reserved 1069056K
  class space    used 2050K, capacity 2112K, committed 2176K, reserved 1048576K
Event: 22.465 GC heap after
Heap after GC invocations=7 (full 0):
 PSYoungGen      total 65024K, used 1568K [0x00000007aab00000, 0x00000007afd80000, 0x00000007c0000000)
  eden space 62976K, 0% used [0x00000007aab00000,0x00000007aab00000,0x00000007ae880000)
  from space 2048K, 76% used [0x00000007aeb00000,0x00000007aec88050,0x00000007aed00000)
  to   space 10752K, 0% used [0x00000007af300000,0x00000007af300000,0x00000007afd80000)
 ParOldGen       total 44032K, used 18954K [0x0000000780000000, 0x0000000782b00000, 0x00000007aab00000)
  object space 44032K, 43% used [0x0000000780000000,0x00000007812829d8,0x0000000782b00000)
 Metaspace       used 20978K, capacity 21135K, committed 21296K, reserved 1069056K
  class space    used 2050K, capacity 2112K, committed 2176K, reserved 1048576K
}
Event: 22.465 GC heap before
{Heap before GC invocations=8 (full 1):
 PSYoungGen      total 65024K, used 1568K [0x00000007aab00000, 0x00000007afd80000, 0x00000007c0000000)
  eden space 62976K, 0% used [0x00000007aab00000,0x00000007aab00000,0x00000007ae880000)
  from space 2048K, 76% used [0x00000007aeb00000,0x00000007aec88050,0x00000007aed00000)
  to   space 10752K, 0% used [0x00000007af300000,0x00000007af300000,0x00000007afd80000)
 ParOldGen       total 44032K, used 18954K [0x0000000780000000, 0x0000000782b00000, 0x00000007aab00000)
  object space 44032K, 43% used [0x0000000780000000,0x00000007812829d8,0x0000000782b00000)
 Metaspace       used 20978K, capacity 21135K, committed 21296K, reserved 1069056K
  class space    used 2050K, capacity 2112K, committed 2176K, reserved 1048576K
Event: 22.542 GC heap after
Heap after GC invocations=8 (full 1):
 PSYoungGen      total 65024K, used 0K [0x00000007aab00000, 0x00000007afd80000, 0x00000007c0000000)
  eden space 62976K, 0% used [0x00000007aab00000,0x00000007aab00000,0x00000007ae880000)
  from space 2048K, 0% used [0x00000007aeb00000,0x00000007aeb00000,0x00000007aed00000)
  to   space 10752K, 0% used [0x00000007af300000,0x00000007af300000,0x00000007afd80000)
 ParOldGen       total 43008K, used 15139K [0x0000000780000000, 0x0000000782a00000, 0x00000007aab00000)
  object space 43008K, 35% used [0x0000000780000000,0x0000000780ec8da0,0x0000000782a00000)
 Metaspace       used 20978K, capacity 21135K, committed 21296K, reserved 1069056K
  class space    used 2050K, capacity 2112K, committed 2176K, reserved 1048576K
}

