# JRE version: Java(TM) SE Runtime Environment (8.0_66-b17) (build 1.8.0_66-b17)
# Java VM: Java HotSpot(TM) 64-Bit Server VM (25.66-b17 mixed mode bsd-amd64 compressed oops)
Heap:
 PSYoungGen      total 22528K, used 2402K [0x00000007aab00000, 0x00000007ac780000, 0x00000007c0000000)
  eden space 15872K, 14% used [0x00000007aab00000,0x00000007aad40b00,0x00000007aba80000)
  from space 6656K, 1% used [0x00000007ac100000,0x00000007ac118000,0x00000007ac780000)
  to   space 6656K, 0% used [0x00000007aba80000,0x00000007aba80000,0x00000007ac100000)
 ParOldGen       total 60416K, used 51510K [0x0000000780000000, 0x0000000783b00000, 0x00000007aab00000)
  object space 60416K, 85% used [0x0000000780000000,0x000000078324d8d8,0x0000000783b00000)
 Metaspace       used 20544K, capacity 20767K, committed 21120K, reserved 1069056K
  class space    used 2011K, capacity 2078K, committed 2176K, reserved 1048576K
GC Heap History (10 events):
Event: 26.677 GC heap before
{Heap before GC invocations=27 (full 1):
 PSYoungGen      total 23040K, used 18042K [0x00000007aab00000, 0x00000007ac880000, 0x00000007c0000000)
  eden space 15872K, 99% used [0x00000007aab00000,0x00000007aba76918,0x00000007aba80000)
  from space 7168K, 30% used [0x00000007aba80000,0x00000007abca8080,0x00000007ac180000)
  to   space 7168K, 0% used [0x00000007ac180000,0x00000007ac180000,0x00000007ac880000)
 ParOldGen       total 60416K, used 44717K [0x0000000780000000, 0x0000000783b00000, 0x00000007aab00000)
  object space 60416K, 74% used [0x0000000780000000,0x0000000782bab738,0x0000000783b00000)
 Metaspace       used 20478K, capacity 20639K, committed 20864K, reserved 1069056K
  class space    used 2004K, capacity 2078K, committed 2176K, reserved 1048576K
Event: 26.681 GC heap after
Heap after GC invocations=27 (full 1):
 PSYoungGen      total 22016K, used 3264K [0x00000007aab00000, 0x00000007ac780000, 0x00000007c0000000)
  eden space 15872K, 0% used [0x00000007aab00000,0x00000007aab00000,0x00000007aba80000)
  from space 6144K, 53% used [0x00000007ac180000,0x00000007ac4b00c0,0x00000007ac780000)
  to   space 6656K, 0% used [0x00000007aba80000,0x00000007aba80000,0x00000007ac100000)
 ParOldGen       total 60416K, used 46797K [0x0000000780000000, 0x0000000783b00000, 0x00000007aab00000)
  object space 60416K, 77% used [0x0000000780000000,0x0000000782db37b8,0x0000000783b00000)
 Metaspace       used 20478K, capacity 20639K, committed 20864K, reserved 1069056K
  class space    used 2004K, capacity 2078K, committed 2176K, reserved 1048576K
}
Event: 27.312 GC heap before
{Heap before GC invocations=28 (full 1):
 PSYoungGen      total 22016K, used 18929K [0x00000007aab00000, 0x00000007ac780000, 0x00000007c0000000)
  eden space 15872K, 98% used [0x00000007aab00000,0x00000007aba4c510,0x00000007aba80000)
  from space 6144K, 53% used [0x00000007ac180000,0x00000007ac4b00c0,0x00000007ac780000)
  to   space 6656K, 0% used [0x00000007aba80000,0x00000007aba80000,0x00000007ac100000)
 ParOldGen       total 60416K, used 46797K [0x0000000780000000, 0x0000000783b00000, 0x00000007aab00000)
  object space 60416K, 77% used [0x0000000780000000,0x0000000782db37b8,0x0000000783b00000)
 Metaspace       used 20481K, capacity 20639K, committed 20864K, reserved 1069056K
  class space    used 2004K, capacity 2078K, committed 2176K, reserved 1048576K
Event: 27.314 GC heap after
Heap after GC invocations=28 (full 1):
 PSYoungGen      total 22528K, used 2784K [0x00000007aab00000, 0x00000007ac780000, 0x00000007c0000000)
  eden space 15872K, 0% used [0x00000007aab00000,0x00000007aab00000,0x00000007aba80000)
  from space 6656K, 41% used [0x00000007aba80000,0x00000007abd380b0,0x00000007ac100000)
  to   space 6656K, 0% used [0x00000007ac100000,0x00000007ac100000,0x00000007ac780000)
 ParOldGen       total 60416K, used 48878K [0x0000000780000000, 0x0000000783b00000, 0x00000007aab00000)
  object space 60416K, 80% used [0x0000000780000000,0x0000000782fbb838,0x0000000783b00000)
 Metaspace       used 20481K, capacity 20639K, committed 20864K, reserved 1069056K
  class space    used 2004K, capacity 2078K, committed 2176K, reserved 1048576K
}
Event: 28.648 GC heap before
{Heap before GC invocations=29 (full 1):
 PSYoungGen      total 22528K, used 18656K [0x00000007aab00000, 0x00000007ac780000, 0x00000007c0000000)
  eden space 15872K, 100% used [0x00000007aab00000,0x00000007aba80000,0x00000007aba80000)
  from space 6656K, 41% used [0x00000007aba80000,0x00000007abd380b0,0x00000007ac100000)
  to   space 6656K, 0% used [0x00000007ac100000,0x00000007ac100000,0x00000007ac780000)
 ParOldGen       total 60416K, used 48878K [0x0000000780000000, 0x0000000783b00000, 0x00000007aab00000)
  object space 60416K, 80% used [0x0000000780000000,0x0000000782fbb838,0x0000000783b00000)
 Metaspace       used 20496K, capacity 20703K, committed 20864K, reserved 1069056K
  class space    used 2004K, capacity 2078K, committed 2176K, reserved 1048576K
Event: 28.650 GC heap after
Heap after GC invocations=29 (full 1):
 PSYoungGen      total 22528K, used 672K [0x00000007aab00000, 0x00000007ac780000, 0x00000007c0000000)
  eden space 15872K, 0% used [0x00000007aab00000,0x00000007aab00000,0x00000007aba80000)
  from space 6656K, 10% used [0x00000007ac100000,0x00000007ac1a8020,0x00000007ac780000)
  to   space 6656K, 0% used [0x00000007aba80000,0x00000007aba80000,0x00000007ac100000)
 ParOldGen       total 60416K, used 50958K [0x0000000780000000, 0x0000000783b00000, 0x00000007aab00000)
  object space 60416K, 84% used [0x0000000780000000,0x00000007831c38b8,0x0000000783b00000)
 Metaspace       used 20496K, capacity 20703K, committed 20864K, reserved 1069056K
  class space    used 2004K, capacity 2078K, committed 2176K, reserved 1048576K
}
Event: 30.122 GC heap before
{Heap before GC invocations=30 (full 1):
 PSYoungGen      total 22528K, used 16544K [0x00000007aab00000, 0x00000007ac780000, 0x00000007c0000000)
  eden space 15872K, 100% used [0x00000007aab00000,0x00000007aba80000,0x00000007aba80000)
  from space 6656K, 10% used [0x00000007ac100000,0x00000007ac1a8020,0x00000007ac780000)
  to   space 6656K, 0% used [0x00000007aba80000,0x00000007aba80000,0x00000007ac100000)
 ParOldGen       total 60416K, used 50958K [0x0000000780000000, 0x0000000783b00000, 0x00000007aab00000)
  object space 60416K, 84% used [0x0000000780000000,0x00000007831c38b8,0x0000000783b00000)
 Metaspace       used 20504K, capacity 20703K, committed 20864K, reserved 1069056K
  class space    used 2004K, capacity 2078K, committed 2176K, reserved 1048576K
Event: 30.124 GC heap after
Heap after GC invocations=30 (full 1):
 PSYoungGen      total 22528K, used 96K [0x00000007aab00000, 0x00000007ac780000, 0x00000007c0000000)
  eden space 15872K, 0% used [0x00000007aab00000,0x00000007aab00000,0x00000007aba80000)
  from space 6656K, 1% used [0x00000007aba80000,0x00000007aba98000,0x00000007ac100000)
  to   space 6656K, 0% used [0x00000007ac100000,0x00000007ac100000,0x00000007ac780000)
 ParOldGen       total 60416K, used 51494K [0x0000000780000000, 0x0000000783b00000, 0x00000007aab00000)
  object space 60416K, 85% used [0x0000000780000000,0x00000007832498d8,0x0000000783b00000)
 Metaspace       used 20504K, capacity 20703K, committed 20864K, reserved 1069056K
  class space    used 2004K, capacity 2078K, committed 2176K, reserved 1048576K
}
Event: 31.667 GC heap before
{Heap before GC invocations=31 (full 1):
 PSYoungGen      total 22528K, used 15968K [0x00000007aab00000, 0x00000007ac780000, 0x00000007c0000000)
  eden space 15872K, 100% used [0x00000007aab00000,0x00000007aba80000,0x00000007aba80000)
  from space 6656K, 1% used [0x00000007aba80000,0x00000007aba98000,0x00000007ac100000)
  to   space 6656K, 0% used [0x00000007ac100000,0x00000007ac100000,0x00000007ac780000)
 ParOldGen       total 60416K, used 51494K [0x0000000780000000, 0x0000000783b00000, 0x00000007aab00000)
  object space 60416K, 85% used [0x0000000780000000,0x00000007832498d8,0x0000000783b00000)
 Metaspace       used 20517K, capacity 20703K, committed 20864K, reserved 1069056K
  class space    used 2006K, capacity 2078K, committed 2176K, reserved 1048576K
Event: 31.670 GC heap after
Heap after GC invocations=31 (full 1):
 PSYoungGen      total 22528K, used 96K [0x00000007aab00000, 0x00000007ac780000, 0x00000007c0000000)
  eden space 15872K, 0% used [0x00000007aab00000,0x00000007aab00000,0x00000007aba80000)
  from space 6656K, 1% used [0x00000007ac100000,0x00000007ac118000,0x00000007ac780000)
  to   space 6656K, 0% used [0x00000007aba80000,0x00000007aba80000,0x00000007ac100000)
 ParOldGen       total 60416K, used 51510K [0x0000000780000000, 0x0000000783b00000, 0x00000007aab00000)
  object space 60416K, 85% used [0x0000000780000000,0x000000078324d8d8,0x0000000783b00000)
 Metaspace       used 20517K, capacity 20703K, committed 20864K, reserved 1069056K
  class space    used 2006K, capacity 2078K, committed 2176K, reserved 1048576K
}

