# JRE version: Java(TM) SE Runtime Environment (8.0_66-b17) (build 1.8.0_66-b17)
# Java VM: Java HotSpot(TM) 64-Bit Server VM (25.66-b17 mixed mode bsd-amd64 compressed oops)
Heap:
 PSYoungGen      total 19456K, used 5140K [0x00000007aab00000, 0x00000007ad580000, 0x00000007c0000000)
  eden space 16384K, 13% used [0x00000007aab00000,0x00000007aad28b40,0x00000007abb00000)
  from space 3072K, 95% used [0x00000007ac580000,0x00000007ac85c7c0,0x00000007ac880000)
  to   space 10240K, 0% used [0x00000007acb80000,0x00000007acb80000,0x00000007ad580000)
 ParOldGen       total 44032K, used 19193K [0x0000000780000000, 0x0000000782b00000, 0x00000007aab00000)
  object space 44032K, 43% used [0x0000000780000000,0x00000007812be6d8,0x0000000782b00000)
 Metaspace       used 20866K, capacity 21075K, committed 21296K, reserved 1069056K
  class space    used 2048K, capacity 2112K, committed 2176K, reserved 1048576K
GC Heap History (10 events):
Event: 9.868 GC heap before
{Heap before GC invocations=3 (full 0):
 PSYoungGen      total 18944K, used 18928K [0x00000007aab00000, 0x00000007ac000000, 0x00000007c0000000)
  eden space 16384K, 100% used [0x00000007aab00000,0x00000007abb00000,0x00000007abb00000)
  from space 2560K, 99% used [0x00000007abd80000,0x00000007abffc030,0x00000007ac000000)
  to   space 2560K, 0% used [0x00000007abb00000,0x00000007abb00000,0x00000007abd80000)
 ParOldGen       total 44032K, used 2747K [0x0000000780000000, 0x0000000782b00000, 0x00000007aab00000)
  object space 44032K, 6% used [0x0000000780000000,0x00000007802aecb8,0x0000000782b00000)
 Metaspace       used 17305K, capacity 17527K, committed 17792K, reserved 1064960K
  class space    used 1762K, capacity 1852K, committed 1920K, reserved 1048576K
Event: 9.879 GC heap after
Heap after GC invocations=3 (full 0):
 PSYoungGen      total 18944K, used 2545K [0x00000007aab00000, 0x00000007ac000000, 0x00000007c0000000)
  eden space 16384K, 0% used [0x00000007aab00000,0x00000007aab00000,0x00000007abb00000)
  from space 2560K, 99% used [0x00000007abb00000,0x00000007abd7c790,0x00000007abd80000)
  to   space 2560K, 0% used [0x00000007abd80000,0x00000007abd80000,0x00000007ac000000)
 ParOldGen       total 44032K, used 7044K [0x0000000780000000, 0x0000000782b00000, 0x00000007aab00000)
  object space 44032K, 15% used [0x0000000780000000,0x00000007806e1128,0x0000000782b00000)
 Metaspace       used 17305K, capacity 17527K, committed 17792K, reserved 1064960K
  class space    used 1762K, capacity 1852K, committed 1920K, reserved 1048576K
}
Event: 11.583 GC heap before
{Heap before GC invocations=4 (full 0):
 PSYoungGen      total 18944K, used 18929K [0x00000007aab00000, 0x00000007ac000000, 0x00000007c0000000)
  eden space 16384K, 100% used [0x00000007aab00000,0x00000007abb00000,0x00000007abb00000)
  from space 2560K, 99% used [0x00000007abb00000,0x00000007abd7c790,0x00000007abd80000)
  to   space 2560K, 0% used [0x00000007abd80000,0x00000007abd80000,0x00000007ac000000)
 ParOldGen       total 44032K, used 7044K [0x0000000780000000, 0x0000000782b00000, 0x00000007aab00000)
  object space 44032K, 15% used [0x0000000780000000,0x00000007806e1128,0x0000000782b00000)
 Metaspace       used 20002K, capacity 20199K, committed 20352K, reserved 1067008K
  class space    used 2018K, capacity 2078K, committed 2176K, reserved 1048576K
Event: 11.592 GC heap after
Heap after GC invocations=4 (full 0):
 PSYoungGen      total 18944K, used 2544K [0x00000007aab00000, 0x00000007ac000000, 0x00000007c0000000)
  eden space 16384K, 0% used [0x00000007aab00000,0x00000007aab00000,0x00000007abb00000)
  from space 2560K, 99% used [0x00000007abd80000,0x00000007abffc020,0x00000007ac000000)
  to   space 2560K, 0% used [0x00000007abb00000,0x00000007abb00000,0x00000007abd80000)
 ParOldGen       total 44032K, used 14362K [0x0000000780000000, 0x0000000782b00000, 0x00000007aab00000)
  object space 44032K, 32% used [0x0000000780000000,0x0000000780e06b98,0x0000000782b00000)
 Metaspace       used 20002K, capacity 20199K, committed 20352K, reserved 1067008K
  class space    used 2018K, capacity 2078K, committed 2176K, reserved 1048576K
}
Event: 12.015 GC heap before
{Heap before GC invocations=5 (full 0):
 PSYoungGen      total 18944K, used 18928K [0x00000007aab00000, 0x00000007ac000000, 0x00000007c0000000)
  eden space 16384K, 100% used [0x00000007aab00000,0x00000007abb00000,0x00000007abb00000)
  from space 2560K, 99% used [0x00000007abd80000,0x00000007abffc020,0x00000007ac000000)
  to   space 2560K, 0% used [0x00000007abb00000,0x00000007abb00000,0x00000007abd80000)
 ParOldGen       total 44032K, used 14362K [0x0000000780000000, 0x0000000782b00000, 0x00000007aab00000)
  object space 44032K, 32% used [0x0000000780000000,0x0000000780e06b98,0x0000000782b00000)
 Metaspace       used 20324K, capacity 20493K, committed 20608K, reserved 1067008K
  class space    used 2037K, capacity 2111K, committed 2176K, reserved 1048576K
Event: 12.024 GC heap after
Heap after GC invocations=5 (full 0):
 PSYoungGen      total 18944K, used 2544K [0x00000007aab00000, 0x00000007adf00000, 0x00000007c0000000)
  eden space 16384K, 0% used [0x00000007aab00000,0x00000007aab00000,0x00000007abb00000)
  from space 2560K, 99% used [0x00000007abb00000,0x00000007abd7c040,0x00000007abd80000)
  to   space 10240K, 0% used [0x00000007ad500000,0x00000007ad500000,0x00000007adf00000)
 ParOldGen       total 44032K, used 17947K [0x0000000780000000, 0x0000000782b00000, 0x00000007aab00000)
  object space 44032K, 40% used [0x0000000780000000,0x0000000781186d28,0x0000000782b00000)
 Metaspace       used 20324K, capacity 20493K, committed 20608K, reserved 1067008K
  class space    used 2037K, capacity 2111K, committed 2176K, reserved 1048576K
}
Event: 14.219 GC heap before
{Heap before GC invocations=6 (full 0):
 PSYoungGen      total 18944K, used 18928K [0x00000007aab00000, 0x00000007adf00000, 0x00000007c0000000)
  eden space 16384K, 100% used [0x00000007aab00000,0x00000007abb00000,0x00000007abb00000)
  from space 2560K, 99% used [0x00000007abb00000,0x00000007abd7c040,0x00000007abd80000)
  to   space 10240K, 0% used [0x00000007ad500000,0x00000007ad500000,0x00000007adf00000)
 ParOldGen       total 44032K, used 17947K [0x0000000780000000, 0x0000000782b00000, 0x00000007aab00000)
  object space 44032K, 40% used [0x0000000780000000,0x0000000781186d28,0x0000000782b00000)
 Metaspace       used 20622K, capacity 20877K, committed 21120K, reserved 1069056K
  class space    used 2037K, capacity 2111K, committed 2176K, reserved 1048576K
Event: 14.231 GC heap after
Heap after GC invocations=6 (full 0):
 PSYoungGen      total 20992K, used 4176K [0x00000007aab00000, 0x00000007ad980000, 0x00000007c0000000)
  eden space 16384K, 0% used [0x00000007aab00000,0x00000007aab00000,0x00000007abb00000)
  from space 4608K, 90% used [0x00000007ad500000,0x00000007ad9140a0,0x00000007ad980000)
  to   space 10240K, 0% used [0x00000007ac580000,0x00000007ac580000,0x00000007acf80000)
 ParOldGen       total 44032K, used 17947K [0x0000000780000000, 0x0000000782b00000, 0x00000007aab00000)
  object space 44032K, 40% used [0x0000000780000000,0x0000000781186d28,0x0000000782b00000)
 Metaspace       used 20622K, capacity 20877K, committed 21120K, reserved 1069056K
  class space    used 2037K, capacity 2111K, committed 2176K, reserved 1048576K
}
Event: 17.566 GC heap before
{Heap before GC invocations=7 (full 0):
 PSYoungGen      total 20992K, used 20560K [0x00000007aab00000, 0x00000007ad980000, 0x00000007c0000000)
  eden space 16384K, 100% used [0x00000007aab00000,0x00000007abb00000,0x00000007abb00000)
  from space 4608K, 90% used [0x00000007ad500000,0x00000007ad9140a0,0x00000007ad980000)
  to   space 10240K, 0% used [0x00000007ac580000,0x00000007ac580000,0x00000007acf80000)
 ParOldGen       total 44032K, used 17947K [0x0000000780000000, 0x0000000782b00000, 0x00000007aab00000)
  object space 44032K, 40% used [0x0000000780000000,0x0000000781186d28,0x0000000782b00000)
 Metaspace       used 20823K, capacity 21011K, committed 21120K, reserved 1069056K
  class space    used 2041K, capacity 2112K, committed 2176K, reserved 1048576K
Event: 17.578 GC heap after
Heap after GC invocations=7 (full 0):
 PSYoungGen      total 19456K, used 2929K [0x00000007aab00000, 0x00000007ad580000, 0x00000007c0000000)
  eden space 16384K, 0% used [0x00000007aab00000,0x00000007aab00000,0x00000007abb00000)
  from space 3072K, 95% used [0x00000007ac580000,0x00000007ac85c7c0,0x00000007ac880000)
  to   space 10240K, 0% used [0x00000007acb80000,0x00000007acb80000,0x00000007ad580000)
 ParOldGen       total 44032K, used 19193K [0x0000000780000000, 0x0000000782b00000, 0x00000007aab00000)
  object space 44032K, 43% used [0x0000000780000000,0x00000007812be6d8,0x0000000782b00000)
 Metaspace       used 20823K, capacity 21011K, committed 21120K, reserved 1069056K
  class space    used 2041K, capacity 2112K, committed 2176K, reserved 1048576K
}

