# JRE version: Java(TM) SE Runtime Environment (8.0_66-b17) (build 1.8.0_66-b17)
# Java VM: Java HotSpot(TM) 64-Bit Server VM (25.66-b17 mixed mode bsd-amd64 compressed oops)
Heap:
 PSYoungGen      total 283648K, used 243138K [0x00000007aab00000, 0x00000007bea00000, 0x00000007c0000000)
  eden space 243712K, 89% used [0x00000007aab00000,0x00000007b80820f0,0x00000007b9900000)
  from space 39936K, 61% used [0x00000007bc180000,0x00000007bd96e728,0x00000007be880000)
  to   space 41472K, 0% used [0x00000007b9900000,0x00000007b9900000,0x00000007bc180000)
 ParOldGen       total 170496K, used 112727K [0x0000000780000000, 0x000000078a680000, 0x00000007aab00000)
  object space 170496K, 66% used [0x0000000780000000,0x0000000786e15fa8,0x000000078a680000)
 Metaspace       used 21548K, capacity 21707K, committed 22064K, reserved 1069056K
  class space    used 2045K, capacity 2112K, committed 2176K, reserved 1048576K
GC Heap History (10 events):
Event: 27.740 GC heap before
{Heap before GC invocations=11 (full 1):
 PSYoungGen      total 142336K, used 142304K [0x00000007aab00000, 0x00000007b8600000, 0x00000007c0000000)
  eden space 126976K, 100% used [0x00000007aab00000,0x00000007b2700000,0x00000007b2700000)
  from space 15360K, 99% used [0x00000007b2700000,0x00000007b35f83b0,0x00000007b3600000)
  to   space 19968K, 0% used [0x00000007b7280000,0x00000007b7280000,0x00000007b8600000)
 ParOldGen       total 69120K, used 44055K [0x0000000780000000, 0x0000000784380000, 0x00000007aab00000)
  object space 69120K, 63% used [0x0000000780000000,0x0000000782b05c88,0x0000000784380000)
 Metaspace       used 21319K, capacity 21515K, committed 21808K, reserved 1069056K
  class space    used 2037K, capacity 2112K, committed 2176K, reserved 1048576K
Event: 27.768 GC heap after
Heap after GC invocations=11 (full 1):
 PSYoungGen      total 194560K, used 19937K [0x00000007aab00000, 0x00000007b9600000, 0x00000007c0000000)
  eden space 174592K, 0% used [0x00000007aab00000,0x00000007aab00000,0x00000007b5580000)
  from space 19968K, 99% used [0x00000007b7280000,0x00000007b85f84e0,0x00000007b8600000)
  to   space 29696K, 0% used [0x00000007b5580000,0x00000007b5580000,0x00000007b7280000)
 ParOldGen       total 69120K, used 62840K [0x0000000780000000, 0x0000000784380000, 0x00000007aab00000)
  object space 69120K, 90% used [0x0000000780000000,0x0000000783d5e118,0x0000000784380000)
 Metaspace       used 21319K, capacity 21515K, committed 21808K, reserved 1069056K
  class space    used 2037K, capacity 2112K, committed 2176K, reserved 1048576K
}
Event: 27.768 GC heap before
{Heap before GC invocations=12 (full 2):
 PSYoungGen      total 194560K, used 19937K [0x00000007aab00000, 0x00000007b9600000, 0x00000007c0000000)
  eden space 174592K, 0% used [0x00000007aab00000,0x00000007aab00000,0x00000007b5580000)
  from space 19968K, 99% used [0x00000007b7280000,0x00000007b85f84e0,0x00000007b8600000)
  to   space 29696K, 0% used [0x00000007b5580000,0x00000007b5580000,0x00000007b7280000)
 ParOldGen       total 69120K, used 62840K [0x0000000780000000, 0x0000000784380000, 0x00000007aab00000)
  object space 69120K, 90% used [0x0000000780000000,0x0000000783d5e118,0x0000000784380000)
 Metaspace       used 21319K, capacity 21515K, committed 21808K, reserved 1069056K
  class space    used 2037K, capacity 2112K, committed 2176K, reserved 1048576K
Event: 27.848 GC heap after
Heap after GC invocations=12 (full 2):
 PSYoungGen      total 194560K, used 13094K [0x00000007aab00000, 0x00000007b9600000, 0x00000007c0000000)
  eden space 174592K, 0% used [0x00000007aab00000,0x00000007aab00000,0x00000007b5580000)
  from space 19968K, 65% used [0x00000007b7280000,0x00000007b7f49888,0x00000007b8600000)
  to   space 29696K, 0% used [0x00000007b5580000,0x00000007b5580000,0x00000007b7280000)
 ParOldGen       total 111616K, used 68932K [0x0000000780000000, 0x0000000786d00000, 0x00000007aab00000)
  object space 111616K, 61% used [0x0000000780000000,0x0000000784351150,0x0000000786d00000)
 Metaspace       used 21319K, capacity 21515K, committed 21808K, reserved 1069056K
  class space    used 2037K, capacity 2112K, committed 2176K, reserved 1048576K
}
Event: 38.414 GC heap before
{Heap before GC invocations=13 (full 2):
 PSYoungGen      total 194560K, used 187686K [0x00000007aab00000, 0x00000007b9600000, 0x00000007c0000000)
  eden space 174592K, 100% used [0x00000007aab00000,0x00000007b5580000,0x00000007b5580000)
  from space 19968K, 65% used [0x00000007b7280000,0x00000007b7f49888,0x00000007b8600000)
  to   space 29696K, 0% used [0x00000007b5580000,0x00000007b5580000,0x00000007b7280000)
 ParOldGen       total 111616K, used 68932K [0x0000000780000000, 0x0000000786d00000, 0x00000007aab00000)
  object space 111616K, 61% used [0x0000000780000000,0x0000000784351150,0x0000000786d00000)
 Metaspace       used 21457K, capacity 21643K, committed 21808K, reserved 1069056K
  class space    used 2037K, capacity 2112K, committed 2176K, reserved 1048576K
Event: 38.463 GC heap after
Heap after GC invocations=13 (full 2):
 PSYoungGen      total 204288K, used 29675K [0x00000007aab00000, 0x00000007be880000, 0x00000007c0000000)
  eden space 174592K, 0% used [0x00000007aab00000,0x00000007aab00000,0x00000007b5580000)
  from space 29696K, 99% used [0x00000007b5580000,0x00000007b727ad18,0x00000007b7280000)
  to   space 39936K, 0% used [0x00000007bc180000,0x00000007bc180000,0x00000007be880000)
 ParOldGen       total 111616K, used 84349K [0x0000000780000000, 0x0000000786d00000, 0x00000007aab00000)
  object space 111616K, 75% used [0x0000000780000000,0x000000078525f510,0x0000000786d00000)
 Metaspace       used 21457K, capacity 21643K, committed 21808K, reserved 1069056K
  class space    used 2037K, capacity 2112K, committed 2176K, reserved 1048576K
}
Event: 49.380 GC heap before
{Heap before GC invocations=14 (full 2):
 PSYoungGen      total 204288K, used 204267K [0x00000007aab00000, 0x00000007be880000, 0x00000007c0000000)
  eden space 174592K, 100% used [0x00000007aab00000,0x00000007b5580000,0x00000007b5580000)
  from space 29696K, 99% used [0x00000007b5580000,0x00000007b727ad18,0x00000007b7280000)
  to   space 39936K, 0% used [0x00000007bc180000,0x00000007bc180000,0x00000007be880000)
 ParOldGen       total 111616K, used 84349K [0x0000000780000000, 0x0000000786d00000, 0x00000007aab00000)
  object space 111616K, 75% used [0x0000000780000000,0x000000078525f510,0x0000000786d00000)
 Metaspace       used 21470K, capacity 21707K, committed 22064K, reserved 1069056K
  class space    used 2037K, capacity 2112K, committed 2176K, reserved 1048576K
Event: 49.473 GC heap after
Heap after GC invocations=14 (full 2):
 PSYoungGen      total 283648K, used 26081K [0x00000007aab00000, 0x00000007bea00000, 0x00000007c0000000)
  eden space 243712K, 0% used [0x00000007aab00000,0x00000007aab00000,0x00000007b9900000)
  from space 39936K, 65% used [0x00000007bc180000,0x00000007bdaf8660,0x00000007be880000)
  to   space 41472K, 0% used [0x00000007b9900000,0x00000007b9900000,0x00000007bc180000)
 ParOldGen       total 113152K, used 112695K [0x0000000780000000, 0x0000000786e80000, 0x00000007aab00000)
  object space 113152K, 99% used [0x0000000780000000,0x0000000786e0dc00,0x0000000786e80000)
 Metaspace       used 21470K, capacity 21707K, committed 22064K, reserved 1069056K
  class space    used 2037K, capacity 2112K, committed 2176K, reserved 1048576K
}
Event: 49.473 GC heap before
{Heap before GC invocations=15 (full 3):
 PSYoungGen      total 283648K, used 26081K [0x00000007aab00000, 0x00000007bea00000, 0x00000007c0000000)
  eden space 243712K, 0% used [0x00000007aab00000,0x00000007aab00000,0x00000007b9900000)
  from space 39936K, 65% used [0x00000007bc180000,0x00000007bdaf8660,0x00000007be880000)
  to   space 41472K, 0% used [0x00000007b9900000,0x00000007b9900000,0x00000007bc180000)
 ParOldGen       total 113152K, used 112695K [0x0000000780000000, 0x0000000786e80000, 0x00000007aab00000)
  object space 113152K, 99% used [0x0000000780000000,0x0000000786e0dc00,0x0000000786e80000)
 Metaspace       used 21470K, capacity 21707K, committed 22064K, reserved 1069056K
  class space    used 2037K, capacity 2112K, committed 2176K, reserved 1048576K
Event: 49.570 GC heap after
Heap after GC invocations=15 (full 3):
 PSYoungGen      total 283648K, used 24505K [0x00000007aab00000, 0x00000007bea00000, 0x00000007c0000000)
  eden space 243712K, 0% used [0x00000007aab00000,0x00000007aab00000,0x00000007b9900000)
  from space 39936K, 61% used [0x00000007bc180000,0x00000007bd96e728,0x00000007be880000)
  to   space 41472K, 0% used [0x00000007b9900000,0x00000007b9900000,0x00000007bc180000)
 ParOldGen       total 170496K, used 112727K [0x0000000780000000, 0x000000078a680000, 0x00000007aab00000)
  object space 170496K, 66% used [0x0000000780000000,0x0000000786e15fa8,0x000000078a680000)
 Metaspace       used 21470K, capacity 21707K, committed 22064K, reserved 1069056K
  class space    used 2037K, capacity 2112K, committed 2176K, reserved 1048576K
}

