# JRE version: Java(TM) SE Runtime Environment (8.0_66-b17) (build 1.8.0_66-b17)
# Java VM: Java HotSpot(TM) 64-Bit Server VM (25.66-b17 mixed mode bsd-amd64 compressed oops)
Heap:
 PSYoungGen      total 35328K, used 11944K [0x000000013e300000, 0x0000000143800000, 0x0000000153800000)
  eden space 32768K, 28% used [0x000000013e300000,0x000000013ec2e1a8,0x0000000140300000)
  from space 2560K, 99% used [0x0000000140300000,0x000000014057c0a0,0x0000000140580000)
  to   space 10752K, 0% used [0x0000000142d80000,0x0000000142d80000,0x0000000143800000)
 ParOldGen       total 44032K, used 18696K [0x0000000113800000, 0x0000000116300000, 0x000000013e300000)
  object space 44032K, 42% used [0x0000000113800000,0x0000000114a42050,0x0000000116300000)
 Metaspace       used 20733K, capacity 20887K, committed 21120K, reserved 1069056K
  class space    used 2043K, capacity 2112K, committed 2176K, reserved 1048576K
GC Heap History (10 events):
Event: 2.559 GC heap before
{Heap before GC invocations=1 (full 0):
 PSYoungGen      total 18944K, used 16384K [0x000000013e300000, 0x000000013f800000, 0x0000000153800000)
  eden space 16384K, 100% used [0x000000013e300000,0x000000013f300000,0x000000013f300000)
  from space 2560K, 0% used [0x000000013f580000,0x000000013f580000,0x000000013f800000)
  to   space 2560K, 0% used [0x000000013f300000,0x000000013f300000,0x000000013f580000)
 ParOldGen       total 44032K, used 0K [0x0000000113800000, 0x0000000116300000, 0x000000013e300000)
  object space 44032K, 0% used [0x0000000113800000,0x0000000113800000,0x0000000116300000)
 Metaspace       used 11547K, capacity 11688K, committed 11904K, reserved 1060864K
  class space    used 1291K, capacity 1378K, committed 1408K, reserved 1048576K
Event: 2.567 GC heap after
Heap after GC invocations=1 (full 0):
 PSYoungGen      total 18944K, used 2555K [0x000000013e300000, 0x000000013f800000, 0x0000000153800000)
  eden space 16384K, 0% used [0x000000013e300000,0x000000013e300000,0x000000013f300000)
  from space 2560K, 99% used [0x000000013f300000,0x000000013f57ed78,0x000000013f580000)
  to   space 2560K, 0% used [0x000000013f580000,0x000000013f580000,0x000000013f800000)
 ParOldGen       total 44032K, used 732K [0x0000000113800000, 0x0000000116300000, 0x000000013e300000)
  object space 44032K, 1% used [0x0000000113800000,0x00000001138b73e0,0x0000000116300000)
 Metaspace       used 11547K, capacity 11688K, committed 11904K, reserved 1060864K
  class space    used 1291K, capacity 1378K, committed 1408K, reserved 1048576K
}
Event: 3.108 GC heap before
{Heap before GC invocations=2 (full 0):
 PSYoungGen      total 18944K, used 18939K [0x000000013e300000, 0x000000013f800000, 0x0000000153800000)
  eden space 16384K, 100% used [0x000000013e300000,0x000000013f300000,0x000000013f300000)
  from space 2560K, 99% used [0x000000013f300000,0x000000013f57ed78,0x000000013f580000)
  to   space 2560K, 0% used [0x000000013f580000,0x000000013f580000,0x000000013f800000)
 ParOldGen       total 44032K, used 732K [0x0000000113800000, 0x0000000116300000, 0x000000013e300000)
  object space 44032K, 1% used [0x0000000113800000,0x00000001138b73e0,0x0000000116300000)
 Metaspace       used 16101K, capacity 16315K, committed 16640K, reserved 1064960K
  class space    used 1630K, capacity 1724K, committed 1792K, reserved 1048576K
Event: 3.117 GC heap after
Heap after GC invocations=2 (full 0):
 PSYoungGen      total 18944K, used 2544K [0x000000013e300000, 0x000000013f800000, 0x0000000153800000)
  eden space 16384K, 0% used [0x000000013e300000,0x000000013e300000,0x000000013f300000)
  from space 2560K, 99% used [0x000000013f580000,0x000000013f7fc010,0x000000013f800000)
  to   space 2560K, 0% used [0x000000013f300000,0x000000013f300000,0x000000013f580000)
 ParOldGen       total 44032K, used 2735K [0x0000000113800000, 0x0000000116300000, 0x000000013e300000)
  object space 44032K, 6% used [0x0000000113800000,0x0000000113aabf10,0x0000000116300000)
 Metaspace       used 16101K, capacity 16315K, committed 16640K, reserved 1064960K
  class space    used 1630K, capacity 1724K, committed 1792K, reserved 1048576K
}
Event: 3.714 GC heap before
{Heap before GC invocations=3 (full 0):
 PSYoungGen      total 18944K, used 18928K [0x000000013e300000, 0x000000013f800000, 0x0000000153800000)
  eden space 16384K, 100% used [0x000000013e300000,0x000000013f300000,0x000000013f300000)
  from space 2560K, 99% used [0x000000013f580000,0x000000013f7fc010,0x000000013f800000)
  to   space 2560K, 0% used [0x000000013f300000,0x000000013f300000,0x000000013f580000)
 ParOldGen       total 44032K, used 2735K [0x0000000113800000, 0x0000000116300000, 0x000000013e300000)
  object space 44032K, 6% used [0x0000000113800000,0x0000000113aabf10,0x0000000116300000)
 Metaspace       used 17323K, capacity 17531K, committed 17792K, reserved 1064960K
  class space    used 1762K, capacity 1852K, committed 1920K, reserved 1048576K
Event: 3.724 GC heap after
Heap after GC invocations=3 (full 0):
 PSYoungGen      total 18944K, used 2544K [0x000000013e300000, 0x0000000140800000, 0x0000000153800000)
  eden space 16384K, 0% used [0x000000013e300000,0x000000013e300000,0x000000013f300000)
  from space 2560K, 99% used [0x000000013f300000,0x000000013f57c070,0x000000013f580000)
  to   space 2560K, 0% used [0x0000000140580000,0x0000000140580000,0x0000000140800000)
 ParOldGen       total 44032K, used 6983K [0x0000000113800000, 0x0000000116300000, 0x000000013e300000)
  object space 44032K, 15% used [0x0000000113800000,0x0000000113ed1e30,0x0000000116300000)
 Metaspace       used 17323K, capacity 17531K, committed 17792K, reserved 1064960K
  class space    used 1762K, capacity 1852K, committed 1920K, reserved 1048576K
}
Event: 4.454 GC heap before
{Heap before GC invocations=4 (full 0):
 PSYoungGen      total 18944K, used 18928K [0x000000013e300000, 0x0000000140800000, 0x0000000153800000)
  eden space 16384K, 100% used [0x000000013e300000,0x000000013f300000,0x000000013f300000)
  from space 2560K, 99% used [0x000000013f300000,0x000000013f57c070,0x000000013f580000)
  to   space 2560K, 0% used [0x0000000140580000,0x0000000140580000,0x0000000140800000)
 ParOldGen       total 44032K, used 6983K [0x0000000113800000, 0x0000000116300000, 0x000000013e300000)
  object space 44032K, 15% used [0x0000000113800000,0x0000000113ed1e30,0x0000000116300000)
 Metaspace       used 19813K, capacity 19985K, committed 20224K, reserved 1067008K
  class space    used 1994K, capacity 2047K, committed 2048K, reserved 1048576K
Event: 4.469 GC heap after
Heap after GC invocations=4 (full 0):
 PSYoungGen      total 35328K, used 2528K [0x000000013e300000, 0x0000000140800000, 0x0000000153800000)
  eden space 32768K, 0% used [0x000000013e300000,0x000000013e300000,0x0000000140300000)
  from space 2560K, 98% used [0x0000000140580000,0x00000001407f8060,0x0000000140800000)
  to   space 2560K, 0% used [0x0000000140300000,0x0000000140300000,0x0000000140580000)
 ParOldGen       total 44032K, used 14387K [0x0000000113800000, 0x0000000116300000, 0x000000013e300000)
  object space 44032K, 32% used [0x0000000113800000,0x000000011460ce30,0x0000000116300000)
 Metaspace       used 19813K, capacity 19985K, committed 20224K, reserved 1067008K
  class space    used 1994K, capacity 2047K, committed 2048K, reserved 1048576K
}
Event: 8.084 GC heap before
{Heap before GC invocations=5 (full 0):
 PSYoungGen      total 35328K, used 35296K [0x000000013e300000, 0x0000000140800000, 0x0000000153800000)
  eden space 32768K, 100% used [0x000000013e300000,0x0000000140300000,0x0000000140300000)
  from space 2560K, 98% used [0x0000000140580000,0x00000001407f8060,0x0000000140800000)
  to   space 2560K, 0% used [0x0000000140300000,0x0000000140300000,0x0000000140580000)
 ParOldGen       total 44032K, used 14387K [0x0000000113800000, 0x0000000116300000, 0x000000013e300000)
  object space 44032K, 32% used [0x0000000113800000,0x000000011460ce30,0x0000000116300000)
 Metaspace       used 20573K, capacity 20759K, committed 20864K, reserved 1069056K
  class space    used 2035K, capacity 2112K, committed 2176K, reserved 1048576K
Event: 8.099 GC heap after
Heap after GC invocations=5 (full 0):
 PSYoungGen      total 35328K, used 2544K [0x000000013e300000, 0x0000000143800000, 0x0000000153800000)
  eden space 32768K, 0% used [0x000000013e300000,0x000000013e300000,0x0000000140300000)
  from space 2560K, 99% used [0x0000000140300000,0x000000014057c0a0,0x0000000140580000)
  to   space 10752K, 0% used [0x0000000142d80000,0x0000000142d80000,0x0000000143800000)
 ParOldGen       total 44032K, used 18696K [0x0000000113800000, 0x0000000116300000, 0x000000013e300000)
  object space 44032K, 42% used [0x0000000113800000,0x0000000114a42050,0x0000000116300000)
 Metaspace       used 20573K, capacity 20759K, committed 20864K, reserved 1069056K
  class space    used 2035K, capacity 2112K, committed 2176K, reserved 1048576K
}

