# JRE version: Java(TM) SE Runtime Environment (8.0_66-b17) (build 1.8.0_66-b17)
# Java VM: Java HotSpot(TM) 64-Bit Server VM (25.66-b17 mixed mode bsd-amd64 compressed oops)
Heap:
 PSYoungGen      total 35328K, used 31287K [0x0000000145300000, 0x0000000147800000, 0x000000015a800000)
  eden space 32768K, 87% used [0x0000000145300000,0x0000000146f0e8d0,0x0000000147300000)
  from space 2560K, 99% used [0x0000000147580000,0x00000001477ff3d0,0x0000000147800000)
  to   space 2560K, 0% used [0x0000000147300000,0x0000000147300000,0x0000000147580000)
 ParOldGen       total 44032K, used 15268K [0x000000011a800000, 0x000000011d300000, 0x0000000145300000)
  object space 44032K, 34% used [0x000000011a800000,0x000000011b6e93d0,0x000000011d300000)
 Metaspace       used 20586K, capacity 20747K, committed 20864K, reserved 1069056K
  class space    used 2045K, capacity 2112K, committed 2176K, reserved 1048576K
GC Heap History (8 events):
Event: 2.577 GC heap before
{Heap before GC invocations=1 (full 0):
 PSYoungGen      total 18944K, used 16384K [0x0000000145300000, 0x0000000146800000, 0x000000015a800000)
  eden space 16384K, 100% used [0x0000000145300000,0x0000000146300000,0x0000000146300000)
  from space 2560K, 0% used [0x0000000146580000,0x0000000146580000,0x0000000146800000)
  to   space 2560K, 0% used [0x0000000146300000,0x0000000146300000,0x0000000146580000)
 ParOldGen       total 44032K, used 0K [0x000000011a800000, 0x000000011d300000, 0x0000000145300000)
  object space 44032K, 0% used [0x000000011a800000,0x000000011a800000,0x000000011d300000)
 Metaspace       used 11552K, capacity 11740K, committed 11904K, reserved 1060864K
  class space    used 1291K, capacity 1378K, committed 1408K, reserved 1048576K
Event: 2.582 GC heap after
Heap after GC invocations=1 (full 0):
 PSYoungGen      total 18944K, used 2546K [0x0000000145300000, 0x0000000146800000, 0x000000015a800000)
  eden space 16384K, 0% used [0x0000000145300000,0x0000000145300000,0x0000000146300000)
  from space 2560K, 99% used [0x0000000146300000,0x000000014657ca28,0x0000000146580000)
  to   space 2560K, 0% used [0x0000000146580000,0x0000000146580000,0x0000000146800000)
 ParOldGen       total 44032K, used 765K [0x000000011a800000, 0x000000011d300000, 0x0000000145300000)
  object space 44032K, 1% used [0x000000011a800000,0x000000011a8bf720,0x000000011d300000)
 Metaspace       used 11552K, capacity 11740K, committed 11904K, reserved 1060864K
  class space    used 1291K, capacity 1378K, committed 1408K, reserved 1048576K
}
Event: 3.107 GC heap before
{Heap before GC invocations=2 (full 0):
 PSYoungGen      total 18944K, used 18930K [0x0000000145300000, 0x0000000146800000, 0x000000015a800000)
  eden space 16384K, 100% used [0x0000000145300000,0x0000000146300000,0x0000000146300000)
  from space 2560K, 99% used [0x0000000146300000,0x000000014657ca28,0x0000000146580000)
  to   space 2560K, 0% used [0x0000000146580000,0x0000000146580000,0x0000000146800000)
 ParOldGen       total 44032K, used 765K [0x000000011a800000, 0x000000011d300000, 0x0000000145300000)
  object space 44032K, 1% used [0x000000011a800000,0x000000011a8bf720,0x000000011d300000)
 Metaspace       used 16099K, capacity 16303K, committed 16640K, reserved 1064960K
  class space    used 1631K, capacity 1724K, committed 1792K, reserved 1048576K
Event: 3.113 GC heap after
Heap after GC invocations=2 (full 0):
 PSYoungGen      total 18944K, used 2528K [0x0000000145300000, 0x0000000146800000, 0x000000015a800000)
  eden space 16384K, 0% used [0x0000000145300000,0x0000000145300000,0x0000000146300000)
  from space 2560K, 98% used [0x0000000146580000,0x00000001467f8040,0x0000000146800000)
  to   space 2560K, 0% used [0x0000000146300000,0x0000000146300000,0x0000000146580000)
 ParOldGen       total 44032K, used 2781K [0x000000011a800000, 0x000000011d300000, 0x0000000145300000)
  object space 44032K, 6% used [0x000000011a800000,0x000000011aab7770,0x000000011d300000)
 Metaspace       used 16099K, capacity 16303K, committed 16640K, reserved 1064960K
  class space    used 1631K, capacity 1724K, committed 1792K, reserved 1048576K
}
Event: 3.700 GC heap before
{Heap before GC invocations=3 (full 0):
 PSYoungGen      total 18944K, used 18912K [0x0000000145300000, 0x0000000146800000, 0x000000015a800000)
  eden space 16384K, 100% used [0x0000000145300000,0x0000000146300000,0x0000000146300000)
  from space 2560K, 98% used [0x0000000146580000,0x00000001467f8040,0x0000000146800000)
  to   space 2560K, 0% used [0x0000000146300000,0x0000000146300000,0x0000000146580000)
 ParOldGen       total 44032K, used 2781K [0x000000011a800000, 0x000000011d300000, 0x0000000145300000)
  object space 44032K, 6% used [0x000000011a800000,0x000000011aab7770,0x000000011d300000)
 Metaspace       used 17318K, capacity 17519K, committed 17792K, reserved 1064960K
  class space    used 1763K, capacity 1852K, committed 1920K, reserved 1048576K
Event: 3.711 GC heap after
Heap after GC invocations=3 (full 0):
 PSYoungGen      total 18944K, used 2528K [0x0000000145300000, 0x0000000147800000, 0x000000015a800000)
  eden space 16384K, 0% used [0x0000000145300000,0x0000000145300000,0x0000000146300000)
  from space 2560K, 98% used [0x0000000146300000,0x0000000146578040,0x0000000146580000)
  to   space 2560K, 0% used [0x0000000147580000,0x0000000147580000,0x0000000147800000)
 ParOldGen       total 44032K, used 7087K [0x000000011a800000, 0x000000011d300000, 0x0000000145300000)
  object space 44032K, 16% used [0x000000011a800000,0x000000011aeebf30,0x000000011d300000)
 Metaspace       used 17318K, capacity 17519K, committed 17792K, reserved 1064960K
  class space    used 1763K, capacity 1852K, committed 1920K, reserved 1048576K
}
Event: 4.276 GC heap before
{Heap before GC invocations=4 (full 0):
 PSYoungGen      total 18944K, used 18830K [0x0000000145300000, 0x0000000147800000, 0x000000015a800000)
  eden space 16384K, 99% used [0x0000000145300000,0x00000001462ebbb0,0x0000000146300000)
  from space 2560K, 98% used [0x0000000146300000,0x0000000146578040,0x0000000146580000)
  to   space 2560K, 0% used [0x0000000147580000,0x0000000147580000,0x0000000147800000)
 ParOldGen       total 44032K, used 7087K [0x000000011a800000, 0x000000011d300000, 0x0000000145300000)
  object space 44032K, 16% used [0x000000011a800000,0x000000011aeebf30,0x000000011d300000)
 Metaspace       used 19992K, capacity 20155K, committed 20352K, reserved 1067008K
  class space    used 2036K, capacity 2110K, committed 2176K, reserved 1048576K
Event: 4.290 GC heap after
Heap after GC invocations=4 (full 0):
 PSYoungGen      total 35328K, used 2556K [0x0000000145300000, 0x0000000147800000, 0x000000015a800000)
  eden space 32768K, 0% used [0x0000000145300000,0x0000000145300000,0x0000000147300000)
  from space 2560K, 99% used [0x0000000147580000,0x00000001477ff3d0,0x0000000147800000)
  to   space 2560K, 0% used [0x0000000147300000,0x0000000147300000,0x0000000147580000)
 ParOldGen       total 44032K, used 15268K [0x000000011a800000, 0x000000011d300000, 0x0000000145300000)
  object space 44032K, 34% used [0x000000011a800000,0x000000011b6e93d0,0x000000011d300000)
 Metaspace       used 19992K, capacity 20155K, committed 20352K, reserved 1067008K
  class space    used 2036K, capacity 2110K, committed 2176K, reserved 1048576K
}

