# JRE version: Java(TM) SE Runtime Environment (8.0_66-b17) (build 1.8.0_66-b17)
# Java VM: Java HotSpot(TM) 64-Bit Server VM (25.66-b17 mixed mode bsd-amd64 compressed oops)
Heap:
 PSYoungGen      total 25088K, used 8296K [0x00000007aab00000, 0x00000007ad580000, 0x00000007c0000000)
  eden space 24576K, 33% used [0x00000007aab00000,0x00000007ab30a150,0x00000007ac300000)
  from space 512K, 12% used [0x00000007ad480000,0x00000007ad490000,0x00000007ad500000)
  to   space 512K, 0% used [0x00000007ad500000,0x00000007ad500000,0x00000007ad580000)
 ParOldGen       total 150528K, used 95198K [0x0000000780000000, 0x0000000789300000, 0x00000007aab00000)
  object space 150528K, 63% used [0x0000000780000000,0x0000000785cf7bd0,0x0000000789300000)
 Metaspace       used 21452K, capacity 21659K, committed 22064K, reserved 1069056K
  class space    used 2061K, capacity 2112K, committed 2176K, reserved 1048576K
GC Heap History (10 events):
Event: 17919.694 GC heap before
{Heap before GC invocations=2236 (full 3):
 PSYoungGen      total 25088K, used 24672K [0x00000007aab00000, 0x00000007ad580000, 0x00000007c0000000)
  eden space 24576K, 100% used [0x00000007aab00000,0x00000007ac300000,0x00000007ac300000)
  from space 512K, 18% used [0x00000007ad500000,0x00000007ad518000,0x00000007ad580000)
  to   space 512K, 0% used [0x00000007ad480000,0x00000007ad480000,0x00000007ad500000)
 ParOldGen       total 150528K, used 95198K [0x0000000780000000, 0x0000000789300000, 0x00000007aab00000)
  object space 150528K, 63% used [0x0000000780000000,0x0000000785cf7bd0,0x0000000789300000)
 Metaspace       used 21417K, capacity 21595K, committed 21808K, reserved 1069056K
  class space    used 2053K, capacity 2112K, committed 2176K, reserved 1048576K
Event: 17919.696 GC heap after
Heap after GC invocations=2236 (full 3):
 PSYoungGen      total 25088K, used 96K [0x00000007aab00000, 0x00000007ad580000, 0x00000007c0000000)
  eden space 24576K, 0% used [0x00000007aab00000,0x00000007aab00000,0x00000007ac300000)
  from space 512K, 18% used [0x00000007ad480000,0x00000007ad498000,0x00000007ad500000)
  to   space 512K, 0% used [0x00000007ad500000,0x00000007ad500000,0x00000007ad580000)
 ParOldGen       total 150528K, used 95198K [0x0000000780000000, 0x0000000789300000, 0x00000007aab00000)
  object space 150528K, 63% used [0x0000000780000000,0x0000000785cf7bd0,0x0000000789300000)
 Metaspace       used 21417K, capacity 21595K, committed 21808K, reserved 1069056K
  class space    used 2053K, capacity 2112K, committed 2176K, reserved 1048576K
}
Event: 17927.311 GC heap before
{Heap before GC invocations=2237 (full 3):
 PSYoungGen      total 25088K, used 24672K [0x00000007aab00000, 0x00000007ad580000, 0x00000007c0000000)
  eden space 24576K, 100% used [0x00000007aab00000,0x00000007ac300000,0x00000007ac300000)
  from space 512K, 18% used [0x00000007ad480000,0x00000007ad498000,0x00000007ad500000)
  to   space 512K, 0% used [0x00000007ad500000,0x00000007ad500000,0x00000007ad580000)
 ParOldGen       total 150528K, used 95198K [0x0000000780000000, 0x0000000789300000, 0x00000007aab00000)
  object space 150528K, 63% used [0x0000000780000000,0x0000000785cf7bd0,0x0000000789300000)
 Metaspace       used 21417K, capacity 21595K, committed 21808K, reserved 1069056K
  class space    used 2053K, capacity 2112K, committed 2176K, reserved 1048576K
Event: 17927.313 GC heap after
Heap after GC invocations=2237 (full 3):
 PSYoungGen      total 25088K, used 96K [0x00000007aab00000, 0x00000007ad580000, 0x00000007c0000000)
  eden space 24576K, 0% used [0x00000007aab00000,0x00000007aab00000,0x00000007ac300000)
  from space 512K, 18% used [0x00000007ad500000,0x00000007ad518000,0x00000007ad580000)
  to   space 512K, 0% used [0x00000007ad480000,0x00000007ad480000,0x00000007ad500000)
 ParOldGen       total 150528K, used 95198K [0x0000000780000000, 0x0000000789300000, 0x00000007aab00000)
  object space 150528K, 63% used [0x0000000780000000,0x0000000785cf7bd0,0x0000000789300000)
 Metaspace       used 21417K, capacity 21595K, committed 21808K, reserved 1069056K
  class space    used 2053K, capacity 2112K, committed 2176K, reserved 1048576K
}
Event: 17934.912 GC heap before
{Heap before GC invocations=2238 (full 3):
 PSYoungGen      total 25088K, used 24672K [0x00000007aab00000, 0x00000007ad580000, 0x00000007c0000000)
  eden space 24576K, 100% used [0x00000007aab00000,0x00000007ac300000,0x00000007ac300000)
  from space 512K, 18% used [0x00000007ad500000,0x00000007ad518000,0x00000007ad580000)
  to   space 512K, 0% used [0x00000007ad480000,0x00000007ad480000,0x00000007ad500000)
 ParOldGen       total 150528K, used 95198K [0x0000000780000000, 0x0000000789300000, 0x00000007aab00000)
  object space 150528K, 63% used [0x0000000780000000,0x0000000785cf7bd0,0x0000000789300000)
 Metaspace       used 21417K, capacity 21595K, committed 21808K, reserved 1069056K
  class space    used 2053K, capacity 2112K, committed 2176K, reserved 1048576K
Event: 17934.914 GC heap after
Heap after GC invocations=2238 (full 3):
 PSYoungGen      total 25088K, used 64K [0x00000007aab00000, 0x00000007ad580000, 0x00000007c0000000)
  eden space 24576K, 0% used [0x00000007aab00000,0x00000007aab00000,0x00000007ac300000)
  from space 512K, 12% used [0x00000007ad480000,0x00000007ad490000,0x00000007ad500000)
  to   space 512K, 0% used [0x00000007ad500000,0x00000007ad500000,0x00000007ad580000)
 ParOldGen       total 150528K, used 95198K [0x0000000780000000, 0x0000000789300000, 0x00000007aab00000)
  object space 150528K, 63% used [0x0000000780000000,0x0000000785cf7bd0,0x0000000789300000)
 Metaspace       used 21417K, capacity 21595K, committed 21808K, reserved 1069056K
  class space    used 2053K, capacity 2112K, committed 2176K, reserved 1048576K
}
Event: 17942.661 GC heap before
{Heap before GC invocations=2239 (full 3):
 PSYoungGen      total 25088K, used 24640K [0x00000007aab00000, 0x00000007ad580000, 0x00000007c0000000)
  eden space 24576K, 100% used [0x00000007aab00000,0x00000007ac300000,0x00000007ac300000)
  from space 512K, 12% used [0x00000007ad480000,0x00000007ad490000,0x00000007ad500000)
  to   space 512K, 0% used [0x00000007ad500000,0x00000007ad500000,0x00000007ad580000)
 ParOldGen       total 150528K, used 95198K [0x0000000780000000, 0x0000000789300000, 0x00000007aab00000)
  object space 150528K, 63% used [0x0000000780000000,0x0000000785cf7bd0,0x0000000789300000)
 Metaspace       used 21417K, capacity 21595K, committed 21808K, reserved 1069056K
  class space    used 2053K, capacity 2112K, committed 2176K, reserved 1048576K
Event: 17942.664 GC heap after
Heap after GC invocations=2239 (full 3):
 PSYoungGen      total 25088K, used 32K [0x00000007aab00000, 0x00000007ad580000, 0x00000007c0000000)
  eden space 24576K, 0% used [0x00000007aab00000,0x00000007aab00000,0x00000007ac300000)
  from space 512K, 6% used [0x00000007ad500000,0x00000007ad508000,0x00000007ad580000)
  to   space 512K, 0% used [0x00000007ad480000,0x00000007ad480000,0x00000007ad500000)
 ParOldGen       total 150528K, used 95198K [0x0000000780000000, 0x0000000789300000, 0x00000007aab00000)
  object space 150528K, 63% used [0x0000000780000000,0x0000000785cf7bd0,0x0000000789300000)
 Metaspace       used 21417K, capacity 21595K, committed 21808K, reserved 1069056K
  class space    used 2053K, capacity 2112K, committed 2176K, reserved 1048576K
}
Event: 17950.247 GC heap before
{Heap before GC invocations=2240 (full 3):
 PSYoungGen      total 25088K, used 24608K [0x00000007aab00000, 0x00000007ad580000, 0x00000007c0000000)
  eden space 24576K, 100% used [0x00000007aab00000,0x00000007ac300000,0x00000007ac300000)
  from space 512K, 6% used [0x00000007ad500000,0x00000007ad508000,0x00000007ad580000)
  to   space 512K, 0% used [0x00000007ad480000,0x00000007ad480000,0x00000007ad500000)
 ParOldGen       total 150528K, used 95198K [0x0000000780000000, 0x0000000789300000, 0x00000007aab00000)
  object space 150528K, 63% used [0x0000000780000000,0x0000000785cf7bd0,0x0000000789300000)
 Metaspace       used 21417K, capacity 21595K, committed 21808K, reserved 1069056K
  class space    used 2053K, capacity 2112K, committed 2176K, reserved 1048576K
Event: 17950.249 GC heap after
Heap after GC invocations=2240 (full 3):
 PSYoungGen      total 25088K, used 64K [0x00000007aab00000, 0x00000007ad580000, 0x00000007c0000000)
  eden space 24576K, 0% used [0x00000007aab00000,0x00000007aab00000,0x00000007ac300000)
  from space 512K, 12% used [0x00000007ad480000,0x00000007ad490000,0x00000007ad500000)
  to   space 512K, 0% used [0x00000007ad500000,0x00000007ad500000,0x00000007ad580000)
 ParOldGen       total 150528K, used 95198K [0x0000000780000000, 0x0000000789300000, 0x00000007aab00000)
  object space 150528K, 63% used [0x0000000780000000,0x0000000785cf7bd0,0x0000000789300000)
 Metaspace       used 21417K, capacity 21595K, committed 21808K, reserved 1069056K
  class space    used 2053K, capacity 2112K, committed 2176K, reserved 1048576K
}

