# JRE version: Java(TM) SE Runtime Environment (8.0_66-b17) (build 1.8.0_66-b17)
# Java VM: Java HotSpot(TM) 64-Bit Server VM (25.66-b17 mixed mode bsd-amd64 compressed oops)
Heap:
 PSYoungGen      total 32768K, used 13686K [0x00000007aab00000, 0x00000007ae080000, 0x00000007c0000000)
  eden space 31232K, 39% used [0x00000007aab00000,0x00000007ab6f5a20,0x00000007ac980000)
  from space 1536K, 93% used [0x00000007aca80000,0x00000007acbe7fb0,0x00000007acc00000)
  to   space 11776K, 0% used [0x00000007ad500000,0x00000007ad500000,0x00000007ae080000)
 ParOldGen       total 44032K, used 21797K [0x0000000780000000, 0x0000000782b00000, 0x00000007aab00000)
  object space 44032K, 49% used [0x0000000780000000,0x00000007815495c8,0x0000000782b00000)
 Metaspace       used 20399K, capacity 20611K, committed 20864K, reserved 1069056K
  class space    used 2028K, capacity 2110K, committed 2176K, reserved 1048576K
GC Heap History (10 events):
Event: 6.871 GC heap before
{Heap before GC invocations=3 (full 0):
 PSYoungGen      total 18944K, used 18912K [0x00000007aab00000, 0x00000007ac000000, 0x00000007c0000000)
  eden space 16384K, 100% used [0x00000007aab00000,0x00000007abb00000,0x00000007abb00000)
  from space 2560K, 98% used [0x00000007abd80000,0x00000007abff8020,0x00000007ac000000)
  to   space 2560K, 0% used [0x00000007abb00000,0x00000007abb00000,0x00000007abd80000)
 ParOldGen       total 44032K, used 2803K [0x0000000780000000, 0x0000000782b00000, 0x00000007aab00000)
  object space 44032K, 6% used [0x0000000780000000,0x00000007802bce98,0x0000000782b00000)
 Metaspace       used 19517K, capacity 19731K, committed 20096K, reserved 1067008K
  class space    used 1983K, capacity 2076K, committed 2176K, reserved 1048576K
Event: 6.890 GC heap after
Heap after GC invocations=3 (full 0):
 PSYoungGen      total 18944K, used 2544K [0x00000007aab00000, 0x00000007ac000000, 0x00000007c0000000)
  eden space 16384K, 0% used [0x00000007aab00000,0x00000007aab00000,0x00000007abb00000)
  from space 2560K, 99% used [0x00000007abb00000,0x00000007abd7c050,0x00000007abd80000)
  to   space 2560K, 0% used [0x00000007abd80000,0x00000007abd80000,0x00000007ac000000)
 ParOldGen       total 44032K, used 10837K [0x0000000780000000, 0x0000000782b00000, 0x00000007aab00000)
  object space 44032K, 24% used [0x0000000780000000,0x0000000780a955d0,0x0000000782b00000)
 Metaspace       used 19517K, capacity 19731K, committed 20096K, reserved 1067008K
  class space    used 1983K, capacity 2076K, committed 2176K, reserved 1048576K
}
Event: 7.278 GC heap before
{Heap before GC invocations=4 (full 0):
 PSYoungGen      total 18944K, used 18916K [0x00000007aab00000, 0x00000007ac000000, 0x00000007c0000000)
  eden space 16384K, 99% used [0x00000007aab00000,0x00000007abafd0d0,0x00000007abb00000)
  from space 2560K, 99% used [0x00000007abb00000,0x00000007abd7c050,0x00000007abd80000)
  to   space 2560K, 0% used [0x00000007abd80000,0x00000007abd80000,0x00000007ac000000)
 ParOldGen       total 44032K, used 10837K [0x0000000780000000, 0x0000000782b00000, 0x00000007aab00000)
  object space 44032K, 24% used [0x0000000780000000,0x0000000780a955d0,0x0000000782b00000)
 Metaspace       used 20032K, capacity 20211K, committed 20352K, reserved 1067008K
  class space    used 2019K, capacity 2108K, committed 2176K, reserved 1048576K
Event: 7.293 GC heap after
Heap after GC invocations=4 (full 0):
 PSYoungGen      total 18944K, used 2544K [0x00000007aab00000, 0x00000007ad000000, 0x00000007c0000000)
  eden space 16384K, 0% used [0x00000007aab00000,0x00000007aab00000,0x00000007abb00000)
  from space 2560K, 99% used [0x00000007abd80000,0x00000007abffc080,0x00000007ac000000)
  to   space 2560K, 0% used [0x00000007abb00000,0x00000007abb00000,0x00000007abd80000)
 ParOldGen       total 44032K, used 16547K [0x0000000780000000, 0x0000000782b00000, 0x00000007aab00000)
  object space 44032K, 37% used [0x0000000780000000,0x0000000781028de8,0x0000000782b00000)
 Metaspace       used 20032K, capacity 20211K, committed 20352K, reserved 1067008K
  class space    used 2019K, capacity 2108K, committed 2176K, reserved 1048576K
}
Event: 8.015 GC heap before
{Heap before GC invocations=5 (full 0):
 PSYoungGen      total 18944K, used 18928K [0x00000007aab00000, 0x00000007ad000000, 0x00000007c0000000)
  eden space 16384K, 100% used [0x00000007aab00000,0x00000007abb00000,0x00000007abb00000)
  from space 2560K, 99% used [0x00000007abd80000,0x00000007abffc080,0x00000007ac000000)
  to   space 2560K, 0% used [0x00000007abb00000,0x00000007abb00000,0x00000007abd80000)
 ParOldGen       total 44032K, used 16547K [0x0000000780000000, 0x0000000782b00000, 0x00000007aab00000)
  object space 44032K, 37% used [0x0000000780000000,0x0000000781028de8,0x0000000782b00000)
 Metaspace       used 20208K, capacity 20413K, committed 20608K, reserved 1067008K
  class space    used 2019K, capacity 2109K, committed 2176K, reserved 1048576K
Event: 8.022 GC heap after
Heap after GC invocations=5 (full 0):
 PSYoungGen      total 18944K, used 2544K [0x00000007aab00000, 0x00000007ae000000, 0x00000007c0000000)
  eden space 16384K, 0% used [0x00000007aab00000,0x00000007aab00000,0x00000007abb00000)
  from space 2560K, 99% used [0x00000007abb00000,0x00000007abd7c080,0x00000007abd80000)
  to   space 10752K, 0% used [0x00000007ad580000,0x00000007ad580000,0x00000007ae000000)
 ParOldGen       total 44032K, used 20593K [0x0000000780000000, 0x0000000782b00000, 0x00000007aab00000)
  object space 44032K, 46% used [0x0000000780000000,0x000000078141c548,0x0000000782b00000)
 Metaspace       used 20208K, capacity 20413K, committed 20608K, reserved 1067008K
  class space    used 2019K, capacity 2109K, committed 2176K, reserved 1048576K
}
Event: 9.946 GC heap before
{Heap before GC invocations=6 (full 0):
 PSYoungGen      total 18944K, used 18928K [0x00000007aab00000, 0x00000007ae000000, 0x00000007c0000000)
  eden space 16384K, 100% used [0x00000007aab00000,0x00000007abb00000,0x00000007abb00000)
  from space 2560K, 99% used [0x00000007abb00000,0x00000007abd7c080,0x00000007abd80000)
  to   space 10752K, 0% used [0x00000007ad580000,0x00000007ad580000,0x00000007ae000000)
 ParOldGen       total 44032K, used 20593K [0x0000000780000000, 0x0000000782b00000, 0x00000007aab00000)
  object space 44032K, 46% used [0x0000000780000000,0x000000078141c548,0x0000000782b00000)
 Metaspace       used 20316K, capacity 20483K, committed 20608K, reserved 1067008K
  class space    used 2020K, capacity 2110K, committed 2176K, reserved 1048576K
Event: 9.952 GC heap after
Heap after GC invocations=6 (full 0):
 PSYoungGen      total 43008K, used 2645K [0x00000007aab00000, 0x00000007ae100000, 0x00000007c0000000)
  eden space 32256K, 0% used [0x00000007aab00000,0x00000007aab00000,0x00000007aca80000)
  from space 10752K, 24% used [0x00000007ad580000,0x00000007ad815590,0x00000007ae000000)
  to   space 11264K, 0% used [0x00000007aca80000,0x00000007aca80000,0x00000007ad580000)
 ParOldGen       total 44032K, used 20593K [0x0000000780000000, 0x0000000782b00000, 0x00000007aab00000)
  object space 44032K, 46% used [0x0000000780000000,0x000000078141c548,0x0000000782b00000)
 Metaspace       used 20316K, capacity 20483K, committed 20608K, reserved 1067008K
  class space    used 2020K, capacity 2110K, committed 2176K, reserved 1048576K
}
Event: 13.188 GC heap before
{Heap before GC invocations=7 (full 0):
 PSYoungGen      total 43008K, used 34901K [0x00000007aab00000, 0x00000007ae100000, 0x00000007c0000000)
  eden space 32256K, 100% used [0x00000007aab00000,0x00000007aca80000,0x00000007aca80000)
  from space 10752K, 24% used [0x00000007ad580000,0x00000007ad815590,0x00000007ae000000)
  to   space 11264K, 0% used [0x00000007aca80000,0x00000007aca80000,0x00000007ad580000)
 ParOldGen       total 44032K, used 20593K [0x0000000780000000, 0x0000000782b00000, 0x00000007aab00000)
  object space 44032K, 46% used [0x0000000780000000,0x000000078141c548,0x0000000782b00000)
 Metaspace       used 20350K, capacity 20611K, committed 20864K, reserved 1069056K
  class space    used 2020K, capacity 2110K, committed 2176K, reserved 1048576K
Event: 13.195 GC heap after
Heap after GC invocations=7 (full 0):
 PSYoungGen      total 32768K, used 1439K [0x00000007aab00000, 0x00000007ae080000, 0x00000007c0000000)
  eden space 31232K, 0% used [0x00000007aab00000,0x00000007aab00000,0x00000007ac980000)
  from space 1536K, 93% used [0x00000007aca80000,0x00000007acbe7fb0,0x00000007acc00000)
  to   space 11776K, 0% used [0x00000007ad500000,0x00000007ad500000,0x00000007ae080000)
 ParOldGen       total 44032K, used 21797K [0x0000000780000000, 0x0000000782b00000, 0x00000007aab00000)
  object space 44032K, 49% used [0x0000000780000000,0x00000007815495c8,0x0000000782b00000)
 Metaspace       used 20350K, capacity 20611K, committed 20864K, reserved 1069056K
  class space    used 2020K, capacity 2110K, committed 2176K, reserved 1048576K
}

