# JRE version: Java(TM) SE Runtime Environment (8.0_66-b17) (build 1.8.0_66-b17)
# Java VM: Java HotSpot(TM) 64-Bit Server VM (25.66-b17 mixed mode bsd-amd64 compressed oops)
Heap:
 PSYoungGen      total 325632K, used 74334K [0x00000007aab00000, 0x00000007c0000000, 0x00000007c0000000)
  eden space 304128K, 19% used [0x00000007aab00000,0x00000007ae5ff538,0x00000007bd400000)
  from space 21504K, 64% used [0x00000007beb00000,0x00000007bf898370,0x00000007c0000000)
  to   space 22528K, 0% used [0x00000007bd400000,0x00000007bd400000,0x00000007bea00000)
 ParOldGen       total 101376K, used 56010K [0x0000000780000000, 0x0000000786300000, 0x00000007aab00000)
  object space 101376K, 55% used [0x0000000780000000,0x00000007836b2be0,0x0000000786300000)
 Metaspace       used 20000K, capacity 20199K, committed 20480K, reserved 1067008K
  class space    used 1923K, capacity 2016K, committed 2048K, reserved 1048576K
GC Heap History (10 events):
Event: 26.721 GC heap before
{Heap before GC invocations=36 (full 2):
 PSYoungGen      total 331264K, used 330784K [0x00000007aab00000, 0x00000007c0000000, 0x00000007c0000000)
  eden space 319488K, 100% used [0x00000007aab00000,0x00000007be300000,0x00000007be300000)
  from space 11776K, 95% used [0x00000007be300000,0x00000007bee082d0,0x00000007bee80000)
  to   space 16384K, 0% used [0x00000007bf000000,0x00000007bf000000,0x00000007c0000000)
 ParOldGen       total 101376K, used 55994K [0x0000000780000000, 0x0000000786300000, 0x00000007aab00000)
  object space 101376K, 55% used [0x0000000780000000,0x00000007836aebe0,0x0000000786300000)
 Metaspace       used 19957K, capacity 20167K, committed 20480K, reserved 1067008K
  class space    used 1915K, capacity 1984K, committed 2048K, reserved 1048576K
Event: 26.724 GC heap after
Heap after GC invocations=36 (full 2):
 PSYoungGen      total 330752K, used 11264K [0x00000007aab00000, 0x00000007c0000000, 0x00000007c0000000)
  eden space 314368K, 0% used [0x00000007aab00000,0x00000007aab00000,0x00000007bde00000)
  from space 16384K, 68% used [0x00000007bf000000,0x00000007bfb002d0,0x00000007c0000000)
  to   space 17408K, 0% used [0x00000007bde00000,0x00000007bde00000,0x00000007bef00000)
 ParOldGen       total 101376K, used 56002K [0x0000000780000000, 0x0000000786300000, 0x00000007aab00000)
  object space 101376K, 55% used [0x0000000780000000,0x00000007836b0be0,0x0000000786300000)
 Metaspace       used 19957K, capacity 20167K, committed 20480K, reserved 1067008K
  class space    used 1915K, capacity 1984K, committed 2048K, reserved 1048576K
}
Event: 27.694 GC heap before
{Heap before GC invocations=37 (full 2):
 PSYoungGen      total 330752K, used 325632K [0x00000007aab00000, 0x00000007c0000000, 0x00000007c0000000)
  eden space 314368K, 100% used [0x00000007aab00000,0x00000007bde00000,0x00000007bde00000)
  from space 16384K, 68% used [0x00000007bf000000,0x00000007bfb002d0,0x00000007c0000000)
  to   space 17408K, 0% used [0x00000007bde00000,0x00000007bde00000,0x00000007bef00000)
 ParOldGen       total 101376K, used 56002K [0x0000000780000000, 0x0000000786300000, 0x00000007aab00000)
  object space 101376K, 55% used [0x0000000780000000,0x00000007836b0be0,0x0000000786300000)
 Metaspace       used 19958K, capacity 20167K, committed 20480K, reserved 1067008K
  class space    used 1915K, capacity 1984K, committed 2048K, reserved 1048576K
Event: 27.698 GC heap after
Heap after GC invocations=37 (full 2):
 PSYoungGen      total 327680K, used 12864K [0x00000007aab00000, 0x00000007c0000000, 0x00000007c0000000)
  eden space 314368K, 0% used [0x00000007aab00000,0x00000007aab00000,0x00000007bde00000)
  from space 13312K, 96% used [0x00000007bde00000,0x00000007bea90330,0x00000007beb00000)
  to   space 18944K, 0% used [0x00000007bed80000,0x00000007bed80000,0x00000007c0000000)
 ParOldGen       total 101376K, used 56010K [0x0000000780000000, 0x0000000786300000, 0x00000007aab00000)
  object space 101376K, 55% used [0x0000000780000000,0x00000007836b2be0,0x0000000786300000)
 Metaspace       used 19958K, capacity 20167K, committed 20480K, reserved 1067008K
  class space    used 1915K, capacity 1984K, committed 2048K, reserved 1048576K
}
Event: 28.612 GC heap before
{Heap before GC invocations=38 (full 2):
 PSYoungGen      total 327680K, used 327232K [0x00000007aab00000, 0x00000007c0000000, 0x00000007c0000000)
  eden space 314368K, 100% used [0x00000007aab00000,0x00000007bde00000,0x00000007bde00000)
  from space 13312K, 96% used [0x00000007bde00000,0x00000007bea90330,0x00000007beb00000)
  to   space 18944K, 0% used [0x00000007bed80000,0x00000007bed80000,0x00000007c0000000)
 ParOldGen       total 101376K, used 56010K [0x0000000780000000, 0x0000000786300000, 0x00000007aab00000)
  object space 101376K, 55% used [0x0000000780000000,0x00000007836b2be0,0x0000000786300000)
 Metaspace       used 19966K, capacity 20167K, committed 20480K, reserved 1067008K
  class space    used 1915K, capacity 1984K, committed 2048K, reserved 1048576K
Event: 28.617 GC heap after
Heap after GC invocations=38 (full 2):
 PSYoungGen      total 327168K, used 13888K [0x00000007aab00000, 0x00000007c0000000, 0x00000007c0000000)
  eden space 308224K, 0% used [0x00000007aab00000,0x00000007aab00000,0x00000007bd800000)
  from space 18944K, 73% used [0x00000007bed80000,0x00000007bfb10370,0x00000007c0000000)
  to   space 20480K, 0% used [0x00000007bd800000,0x00000007bd800000,0x00000007bec00000)
 ParOldGen       total 101376K, used 56010K [0x0000000780000000, 0x0000000786300000, 0x00000007aab00000)
  object space 101376K, 55% used [0x0000000780000000,0x00000007836b2be0,0x0000000786300000)
 Metaspace       used 19966K, capacity 20167K, committed 20480K, reserved 1067008K
  class space    used 1915K, capacity 1984K, committed 2048K, reserved 1048576K
}
Event: 29.524 GC heap before
{Heap before GC invocations=39 (full 2):
 PSYoungGen      total 327168K, used 322112K [0x00000007aab00000, 0x00000007c0000000, 0x00000007c0000000)
  eden space 308224K, 100% used [0x00000007aab00000,0x00000007bd800000,0x00000007bd800000)
  from space 18944K, 73% used [0x00000007bed80000,0x00000007bfb10370,0x00000007c0000000)
  to   space 20480K, 0% used [0x00000007bd800000,0x00000007bd800000,0x00000007bec00000)
 ParOldGen       total 101376K, used 56010K [0x0000000780000000, 0x0000000786300000, 0x00000007aab00000)
  object space 101376K, 55% used [0x0000000780000000,0x00000007836b2be0,0x0000000786300000)
 Metaspace       used 19966K, capacity 20167K, committed 20480K, reserved 1067008K
  class space    used 1915K, capacity 1984K, committed 2048K, reserved 1048576K
Event: 29.528 GC heap after
Heap after GC invocations=39 (full 2):
 PSYoungGen      total 322560K, used 13856K [0x00000007aab00000, 0x00000007c0000000, 0x00000007c0000000)
  eden space 308224K, 0% used [0x00000007aab00000,0x00000007aab00000,0x00000007bd800000)
  from space 14336K, 96% used [0x00000007bd800000,0x00000007be588370,0x00000007be600000)
  to   space 21504K, 0% used [0x00000007beb00000,0x00000007beb00000,0x00000007c0000000)
 ParOldGen       total 101376K, used 56010K [0x0000000780000000, 0x0000000786300000, 0x00000007aab00000)
  object space 101376K, 55% used [0x0000000780000000,0x00000007836b2be0,0x0000000786300000)
 Metaspace       used 19966K, capacity 20167K, committed 20480K, reserved 1067008K
  class space    used 1915K, capacity 1984K, committed 2048K, reserved 1048576K
}
Event: 30.465 GC heap before
{Heap before GC invocations=40 (full 2):
 PSYoungGen      total 322560K, used 322080K [0x00000007aab00000, 0x00000007c0000000, 0x00000007c0000000)
  eden space 308224K, 100% used [0x00000007aab00000,0x00000007bd800000,0x00000007bd800000)
  from space 14336K, 96% used [0x00000007bd800000,0x00000007be588370,0x00000007be600000)
  to   space 21504K, 0% used [0x00000007beb00000,0x00000007beb00000,0x00000007c0000000)
 ParOldGen       total 101376K, used 56010K [0x0000000780000000, 0x0000000786300000, 0x00000007aab00000)
  object space 101376K, 55% used [0x0000000780000000,0x00000007836b2be0,0x0000000786300000)
 Metaspace       used 19966K, capacity 20167K, committed 20480K, reserved 1067008K
  class space    used 1915K, capacity 1984K, committed 2048K, reserved 1048576K
Event: 30.471 GC heap after
Heap after GC invocations=40 (full 2):
 PSYoungGen      total 325632K, used 13920K [0x00000007aab00000, 0x00000007c0000000, 0x00000007c0000000)
  eden space 304128K, 0% used [0x00000007aab00000,0x00000007aab00000,0x00000007bd400000)
  from space 21504K, 64% used [0x00000007beb00000,0x00000007bf898370,0x00000007c0000000)
  to   space 22528K, 0% used [0x00000007bd400000,0x00000007bd400000,0x00000007bea00000)
 ParOldGen       total 101376K, used 56010K [0x0000000780000000, 0x0000000786300000, 0x00000007aab00000)
  object space 101376K, 55% used [0x0000000780000000,0x00000007836b2be0,0x0000000786300000)
 Metaspace       used 19966K, capacity 20167K, committed 20480K, reserved 1067008K
  class space    used 1915K, capacity 1984K, committed 2048K, reserved 1048576K
}

