# JRE version: Java(TM) SE Runtime Environment (8.0_66-b17) (build 1.8.0_66-b17)
# Java VM: Java HotSpot(TM) 64-Bit Server VM (25.66-b17 mixed mode bsd-amd64 compressed oops)
Heap:
 PSYoungGen      total 29696K, used 1401K [0x00000007aab00000, 0x00000007add80000, 0x00000007c0000000)
  eden space 29184K, 3% used [0x00000007aab00000,0x00000007aac0a0b0,0x00000007ac780000)
  from space 512K, 65% used [0x00000007ac800000,0x00000007ac854648,0x00000007ac880000)
  to   space 11264K, 0% used [0x00000007ad280000,0x00000007ad280000,0x00000007add80000)
 ParOldGen       total 44032K, used 21579K [0x0000000780000000, 0x0000000782b00000, 0x00000007aab00000)
  object space 44032K, 49% used [0x0000000780000000,0x0000000781512e20,0x0000000782b00000)
 Metaspace       used 20279K, capacity 20477K, committed 20608K, reserved 1067008K
  class space    used 2026K, capacity 2109K, committed 2176K, reserved 1048576K
GC Heap History (10 events):
Event: 9.936 GC heap before
{Heap before GC invocations=7 (full 0):
 PSYoungGen      total 44032K, used 35158K [0x00000007aab00000, 0x00000007ae200000, 0x00000007c0000000)
  eden space 32768K, 100% used [0x00000007aab00000,0x00000007acb00000,0x00000007acb00000)
  from space 11264K, 21% used [0x00000007ad700000,0x00000007ad9559f0,0x00000007ae200000)
  to   space 11776K, 0% used [0x00000007acb00000,0x00000007acb00000,0x00000007ad680000)
 ParOldGen       total 44032K, used 19075K [0x0000000780000000, 0x0000000782b00000, 0x00000007aab00000)
  object space 44032K, 43% used [0x0000000780000000,0x00000007812a0fb8,0x0000000782b00000)
 Metaspace       used 20136K, capacity 20349K, committed 20608K, reserved 1067008K
  class space    used 2018K, capacity 2109K, committed 2176K, reserved 1048576K
Event: 9.950 GC heap after
Heap after GC invocations=7 (full 0):
 PSYoungGen      total 33792K, used 1583K [0x00000007aab00000, 0x00000007ae100000, 0x00000007c0000000)
  eden space 31744K, 0% used [0x00000007aab00000,0x00000007aab00000,0x00000007aca00000)
  from space 2048K, 77% used [0x00000007acb00000,0x00000007acc8bc08,0x00000007acd00000)
  to   space 11776K, 0% used [0x00000007ad580000,0x00000007ad580000,0x00000007ae100000)
 ParOldGen       total 44032K, used 19959K [0x0000000780000000, 0x0000000782b00000, 0x00000007aab00000)
  object space 44032K, 45% used [0x0000000780000000,0x000000078137dd88,0x0000000782b00000)
 Metaspace       used 20136K, capacity 20349K, committed 20608K, reserved 1067008K
  class space    used 2018K, capacity 2109K, committed 2176K, reserved 1048576K
}
Event: 13.144 GC heap before
{Heap before GC invocations=8 (full 0):
 PSYoungGen      total 33792K, used 33327K [0x00000007aab00000, 0x00000007ae100000, 0x00000007c0000000)
  eden space 31744K, 100% used [0x00000007aab00000,0x00000007aca00000,0x00000007aca00000)
  from space 2048K, 77% used [0x00000007acb00000,0x00000007acc8bc08,0x00000007acd00000)
  to   space 11776K, 0% used [0x00000007ad580000,0x00000007ad580000,0x00000007ae100000)
 ParOldGen       total 44032K, used 19959K [0x0000000780000000, 0x0000000782b00000, 0x00000007aab00000)
  object space 44032K, 45% used [0x0000000780000000,0x000000078137dd88,0x0000000782b00000)
 Metaspace       used 20170K, capacity 20349K, committed 20608K, reserved 1067008K
  class space    used 2018K, capacity 2109K, committed 2176K, reserved 1048576K
Event: 13.146 GC heap after
Heap after GC invocations=8 (full 0):
 PSYoungGen      total 41472K, used 790K [0x00000007aab00000, 0x00000007ae000000, 0x00000007c0000000)
  eden space 30720K, 0% used [0x00000007aab00000,0x00000007aab00000,0x00000007ac900000)
  from space 10752K, 7% used [0x00000007ad580000,0x00000007ad6459b0,0x00000007ae000000)
  to   space 11776K, 0% used [0x00000007ac900000,0x00000007ac900000,0x00000007ad480000)
 ParOldGen       total 44032K, used 20829K [0x0000000780000000, 0x0000000782b00000, 0x00000007aab00000)
  object space 44032K, 47% used [0x0000000780000000,0x0000000781457470,0x0000000782b00000)
 Metaspace       used 20170K, capacity 20349K, committed 20608K, reserved 1067008K
  class space    used 2018K, capacity 2109K, committed 2176K, reserved 1048576K
}
Event: 16.214 GC heap before
{Heap before GC invocations=9 (full 0):
 PSYoungGen      total 41472K, used 31510K [0x00000007aab00000, 0x00000007ae000000, 0x00000007c0000000)
  eden space 30720K, 100% used [0x00000007aab00000,0x00000007ac900000,0x00000007ac900000)
  from space 10752K, 7% used [0x00000007ad580000,0x00000007ad6459b0,0x00000007ae000000)
  to   space 11776K, 0% used [0x00000007ac900000,0x00000007ac900000,0x00000007ad480000)
 ParOldGen       total 44032K, used 20829K [0x0000000780000000, 0x0000000782b00000, 0x00000007aab00000)
  object space 44032K, 47% used [0x0000000780000000,0x0000000781457470,0x0000000782b00000)
 Metaspace       used 20179K, capacity 20349K, committed 20608K, reserved 1067008K
  class space    used 2018K, capacity 2109K, committed 2176K, reserved 1048576K
Event: 16.215 GC heap after
Heap after GC invocations=9 (full 0):
 PSYoungGen      total 30720K, used 246K [0x00000007aab00000, 0x00000007adf80000, 0x00000007c0000000)
  eden space 30208K, 0% used [0x00000007aab00000,0x00000007aab00000,0x00000007ac880000)
  from space 512K, 48% used [0x00000007ac900000,0x00000007ac93d990,0x00000007ac980000)
  to   space 11776K, 0% used [0x00000007ad400000,0x00000007ad400000,0x00000007adf80000)
 ParOldGen       total 44032K, used 21397K [0x0000000780000000, 0x0000000782b00000, 0x00000007aab00000)
  object space 44032K, 48% used [0x0000000780000000,0x00000007814e5490,0x0000000782b00000)
 Metaspace       used 20179K, capacity 20349K, committed 20608K, reserved 1067008K
  class space    used 2018K, capacity 2109K, committed 2176K, reserved 1048576K
}
Event: 19.318 GC heap before
{Heap before GC invocations=10 (full 0):
 PSYoungGen      total 30720K, used 30454K [0x00000007aab00000, 0x00000007adf80000, 0x00000007c0000000)
  eden space 30208K, 100% used [0x00000007aab00000,0x00000007ac880000,0x00000007ac880000)
  from space 512K, 48% used [0x00000007ac900000,0x00000007ac93d990,0x00000007ac980000)
  to   space 11776K, 0% used [0x00000007ad400000,0x00000007ad400000,0x00000007adf80000)
 ParOldGen       total 44032K, used 21397K [0x0000000780000000, 0x0000000782b00000, 0x00000007aab00000)
  object space 44032K, 48% used [0x0000000780000000,0x00000007814e5490,0x0000000782b00000)
 Metaspace       used 20206K, capacity 20413K, committed 20608K, reserved 1067008K
  class space    used 2018K, capacity 2109K, committed 2176K, reserved 1048576K
Event: 19.320 GC heap after
Heap after GC invocations=10 (full 0):
 PSYoungGen      total 40960K, used 32K [0x00000007aab00000, 0x00000007adf00000, 0x00000007c0000000)
  eden space 29696K, 0% used [0x00000007aab00000,0x00000007aab00000,0x00000007ac800000)
  from space 11264K, 0% used [0x00000007ad400000,0x00000007ad408000,0x00000007adf00000)
  to   space 11776K, 0% used [0x00000007ac800000,0x00000007ac800000,0x00000007ad380000)
 ParOldGen       total 44032K, used 21555K [0x0000000780000000, 0x0000000782b00000, 0x00000007aab00000)
  object space 44032K, 48% used [0x0000000780000000,0x000000078150ce20,0x0000000782b00000)
 Metaspace       used 20206K, capacity 20413K, committed 20608K, reserved 1067008K
  class space    used 2018K, capacity 2109K, committed 2176K, reserved 1048576K
}
Event: 22.272 GC heap before
{Heap before GC invocations=11 (full 0):
 PSYoungGen      total 40960K, used 29728K [0x00000007aab00000, 0x00000007adf00000, 0x00000007c0000000)
  eden space 29696K, 100% used [0x00000007aab00000,0x00000007ac800000,0x00000007ac800000)
  from space 11264K, 0% used [0x00000007ad400000,0x00000007ad408000,0x00000007adf00000)
  to   space 11776K, 0% used [0x00000007ac800000,0x00000007ac800000,0x00000007ad380000)
 ParOldGen       total 44032K, used 21555K [0x0000000780000000, 0x0000000782b00000, 0x00000007aab00000)
  object space 44032K, 48% used [0x0000000780000000,0x000000078150ce20,0x0000000782b00000)
 Metaspace       used 20260K, capacity 20477K, committed 20608K, reserved 1067008K
  class space    used 2021K, capacity 2109K, committed 2176K, reserved 1048576K
Event: 22.275 GC heap after
Heap after GC invocations=11 (full 0):
 PSYoungGen      total 29696K, used 337K [0x00000007aab00000, 0x00000007add80000, 0x00000007c0000000)
  eden space 29184K, 0% used [0x00000007aab00000,0x00000007aab00000,0x00000007ac780000)
  from space 512K, 65% used [0x00000007ac800000,0x00000007ac854648,0x00000007ac880000)
  to   space 11264K, 0% used [0x00000007ad280000,0x00000007ad280000,0x00000007add80000)
 ParOldGen       total 44032K, used 21579K [0x0000000780000000, 0x0000000782b00000, 0x00000007aab00000)
  object space 44032K, 49% used [0x0000000780000000,0x0000000781512e20,0x0000000782b00000)
 Metaspace       used 20260K, capacity 20477K, committed 20608K, reserved 1067008K
  class space    used 2021K, capacity 2109K, committed 2176K, reserved 1048576K
}

