# JRE version: Java(TM) SE Runtime Environment (8.0_66-b17) (build 1.8.0_66-b17)
# Java VM: Java HotSpot(TM) 64-Bit Server VM (25.66-b17 mixed mode bsd-amd64 compressed oops)
Heap:
 PSYoungGen      total 27136K, used 4219K [0x00000007aab00000, 0x00000007ad000000, 0x00000007c0000000)
  eden space 16384K, 24% used [0x00000007aab00000,0x00000007aaef6e58,0x00000007abb00000)
  from space 10752K, 1% used [0x00000007ac580000,0x00000007ac5a8000,0x00000007ad000000)
  to   space 10752K, 0% used [0x00000007abb00000,0x00000007abb00000,0x00000007ac580000)
 ParOldGen       total 46080K, used 15868K [0x0000000780000000, 0x0000000782d00000, 0x00000007aab00000)
  object space 46080K, 34% used [0x0000000780000000,0x0000000780f7f160,0x0000000782d00000)
 Metaspace       used 21041K, capacity 21221K, committed 21552K, reserved 1069056K
  class space    used 2031K, capacity 2115K, committed 2176K, reserved 1048576K
GC Heap History (10 events):
Event: 9.450 GC heap before
{Heap before GC invocations=5 (full 0):
 PSYoungGen      total 18944K, used 18928K [0x00000007aab00000, 0x00000007ac000000, 0x00000007c0000000)
  eden space 16384K, 100% used [0x00000007aab00000,0x00000007abb00000,0x00000007abb00000)
  from space 2560K, 99% used [0x00000007abd80000,0x00000007abffc050,0x00000007ac000000)
  to   space 2560K, 0% used [0x00000007abb00000,0x00000007abb00000,0x00000007abd80000)
 ParOldGen       total 44032K, used 14754K [0x0000000780000000, 0x0000000782b00000, 0x00000007aab00000)
  object space 44032K, 33% used [0x0000000780000000,0x0000000780e68be8,0x0000000782b00000)
 Metaspace       used 20380K, capacity 20623K, committed 20864K, reserved 1069056K
  class space    used 2020K, capacity 2110K, committed 2176K, reserved 1048576K
Event: 9.460 GC heap after
Heap after GC invocations=5 (full 0):
 PSYoungGen      total 18944K, used 2448K [0x00000007aab00000, 0x00000007ad000000, 0x00000007c0000000)
  eden space 16384K, 0% used [0x00000007aab00000,0x00000007aab00000,0x00000007abb00000)
  from space 2560K, 95% used [0x00000007abb00000,0x00000007abd64040,0x00000007abd80000)
  to   space 10752K, 0% used [0x00000007ac580000,0x00000007ac580000,0x00000007ad000000)
 ParOldGen       total 44032K, used 17827K [0x0000000780000000, 0x0000000782b00000, 0x00000007aab00000)
  object space 44032K, 40% used [0x0000000780000000,0x0000000781168ca8,0x0000000782b00000)
 Metaspace       used 20380K, capacity 20623K, committed 20864K, reserved 1069056K
  class space    used 2020K, capacity 2110K, committed 2176K, reserved 1048576K
}
Event: 13.755 GC heap before
{Heap before GC invocations=6 (full 0):
 PSYoungGen      total 18944K, used 18832K [0x00000007aab00000, 0x00000007ad000000, 0x00000007c0000000)
  eden space 16384K, 100% used [0x00000007aab00000,0x00000007abb00000,0x00000007abb00000)
  from space 2560K, 95% used [0x00000007abb00000,0x00000007abd64040,0x00000007abd80000)
  to   space 10752K, 0% used [0x00000007ac580000,0x00000007ac580000,0x00000007ad000000)
 ParOldGen       total 44032K, used 17827K [0x0000000780000000, 0x0000000782b00000, 0x00000007aab00000)
  object space 44032K, 40% used [0x0000000780000000,0x0000000781168ca8,0x0000000782b00000)
 Metaspace       used 20792K, capacity 21021K, committed 21296K, reserved 1069056K
  class space    used 2023K, capacity 2115K, committed 2176K, reserved 1048576K
Event: 13.768 GC heap after
Heap after GC invocations=6 (full 0):
 PSYoungGen      total 27136K, used 2480K [0x00000007aab00000, 0x00000007ad000000, 0x00000007c0000000)
  eden space 16384K, 0% used [0x00000007aab00000,0x00000007aab00000,0x00000007abb00000)
  from space 10752K, 23% used [0x00000007ac580000,0x00000007ac7ec040,0x00000007ad000000)
  to   space 10752K, 0% used [0x00000007abb00000,0x00000007abb00000,0x00000007ac580000)
 ParOldGen       total 44032K, used 17827K [0x0000000780000000, 0x0000000782b00000, 0x00000007aab00000)
  object space 44032K, 40% used [0x0000000780000000,0x0000000781168ca8,0x0000000782b00000)
 Metaspace       used 20792K, capacity 21021K, committed 21296K, reserved 1069056K
  class space    used 2023K, capacity 2115K, committed 2176K, reserved 1048576K
}
Event: 14.666 GC heap before
{Heap before GC invocations=7 (full 0):
 PSYoungGen      total 27136K, used 6509K [0x00000007aab00000, 0x00000007ad000000, 0x00000007c0000000)
  eden space 16384K, 24% used [0x00000007aab00000,0x00000007aaeef428,0x00000007abb00000)
  from space 10752K, 23% used [0x00000007ac580000,0x00000007ac7ec040,0x00000007ad000000)
  to   space 10752K, 0% used [0x00000007abb00000,0x00000007abb00000,0x00000007ac580000)
 ParOldGen       total 44032K, used 17827K [0x0000000780000000, 0x0000000782b00000, 0x00000007aab00000)
  object space 44032K, 40% used [0x0000000780000000,0x0000000781168ca8,0x0000000782b00000)
 Metaspace       used 20901K, capacity 21093K, committed 21296K, reserved 1069056K
  class space    used 2023K, capacity 2115K, committed 2176K, reserved 1048576K
Event: 14.673 GC heap after
Heap after GC invocations=7 (full 0):
 PSYoungGen      total 27136K, used 1440K [0x00000007aab00000, 0x00000007ad000000, 0x00000007c0000000)
  eden space 16384K, 0% used [0x00000007aab00000,0x00000007aab00000,0x00000007abb00000)
  from space 10752K, 13% used [0x00000007abb00000,0x00000007abc68050,0x00000007ac580000)
  to   space 10752K, 0% used [0x00000007ac580000,0x00000007ac580000,0x00000007ad000000)
 ParOldGen       total 44032K, used 18797K [0x0000000780000000, 0x0000000782b00000, 0x00000007aab00000)
  object space 44032K, 42% used [0x0000000780000000,0x000000078125b490,0x0000000782b00000)
 Metaspace       used 20901K, capacity 21093K, committed 21296K, reserved 1069056K
  class space    used 2023K, capacity 2115K, committed 2176K, reserved 1048576K
}
Event: 14.673 GC heap before
{Heap before GC invocations=8 (full 1):
 PSYoungGen      total 27136K, used 1440K [0x00000007aab00000, 0x00000007ad000000, 0x00000007c0000000)
  eden space 16384K, 0% used [0x00000007aab00000,0x00000007aab00000,0x00000007abb00000)
  from space 10752K, 13% used [0x00000007abb00000,0x00000007abc68050,0x00000007ac580000)
  to   space 10752K, 0% used [0x00000007ac580000,0x00000007ac580000,0x00000007ad000000)
 ParOldGen       total 44032K, used 18797K [0x0000000780000000, 0x0000000782b00000, 0x00000007aab00000)
  object space 44032K, 42% used [0x0000000780000000,0x000000078125b490,0x0000000782b00000)
 Metaspace       used 20901K, capacity 21093K, committed 21296K, reserved 1069056K
  class space    used 2023K, capacity 2115K, committed 2176K, reserved 1048576K
Event: 14.740 GC heap after
Heap after GC invocations=8 (full 1):
 PSYoungGen      total 27136K, used 0K [0x00000007aab00000, 0x00000007ad000000, 0x00000007c0000000)
  eden space 16384K, 0% used [0x00000007aab00000,0x00000007aab00000,0x00000007abb00000)
  from space 10752K, 0% used [0x00000007abb00000,0x00000007abb00000,0x00000007ac580000)
  to   space 10752K, 0% used [0x00000007ac580000,0x00000007ac580000,0x00000007ad000000)
 ParOldGen       total 46080K, used 15860K [0x0000000780000000, 0x0000000782d00000, 0x00000007aab00000)
  object space 46080K, 34% used [0x0000000780000000,0x0000000780f7d160,0x0000000782d00000)
 Metaspace       used 20901K, capacity 21093K, committed 21296K, reserved 1069056K
  class space    used 2023K, capacity 2115K, committed 2176K, reserved 1048576K
}
Event: 18.802 GC heap before
{Heap before GC invocations=9 (full 1):
 PSYoungGen      total 27136K, used 16384K [0x00000007aab00000, 0x00000007ad000000, 0x00000007c0000000)
  eden space 16384K, 100% used [0x00000007aab00000,0x00000007abb00000,0x00000007abb00000)
  from space 10752K, 0% used [0x00000007abb00000,0x00000007abb00000,0x00000007ac580000)
  to   space 10752K, 0% used [0x00000007ac580000,0x00000007ac580000,0x00000007ad000000)
 ParOldGen       total 46080K, used 15860K [0x0000000780000000, 0x0000000782d00000, 0x00000007aab00000)
  object space 46080K, 34% used [0x0000000780000000,0x0000000780f7d160,0x0000000782d00000)
 Metaspace       used 21002K, capacity 21221K, committed 21552K, reserved 1069056K
  class space    used 2023K, capacity 2115K, committed 2176K, reserved 1048576K
Event: 18.803 GC heap after
Heap after GC invocations=9 (full 1):
 PSYoungGen      total 27136K, used 160K [0x00000007aab00000, 0x00000007ad000000, 0x00000007c0000000)
  eden space 16384K, 0% used [0x00000007aab00000,0x00000007aab00000,0x00000007abb00000)
  from space 10752K, 1% used [0x00000007ac580000,0x00000007ac5a8000,0x00000007ad000000)
  to   space 10752K, 0% used [0x00000007abb00000,0x00000007abb00000,0x00000007ac580000)
 ParOldGen       total 46080K, used 15868K [0x0000000780000000, 0x0000000782d00000, 0x00000007aab00000)
  object space 46080K, 34% used [0x0000000780000000,0x0000000780f7f160,0x0000000782d00000)
 Metaspace       used 21002K, capacity 21221K, committed 21552K, reserved 1069056K
  class space    used 2023K, capacity 2115K, committed 2176K, reserved 1048576K
}

